#
# There is insufficient memory for the Java Runtime Environment to continue.
# Native memory allocation (malloc) failed to allocate 1048576 bytes. Error detail: AllocateHeap
# Possible reasons:
#   The system is out of physical RAM or swap space
#   This process is running with CompressedOops enabled, and the Java Heap may be blocking the growth of the native heap
# Possible solutions:
#   Reduce memory load on the system
#   Increase physical memory or swap space
#   Check if swap backing store is full
#   Decrease Java heap size (-Xmx/-Xms)
#   Decrease number of Java threads
#   Decrease Java thread stack sizes (-Xss)
#   Set larger code cache with -XX:ReservedCodeCacheSize=
#   JVM is running with Unscaled Compressed Oops mode in which the Java heap is
#     placed in the first 4GB address space. The Java Heap base address is the
#     maximum limit for the native heap growth. Please use -XX:HeapBaseMinAddress
#     to set the Java Heap base and to place the Java Heap above 4GB virtual address.
# This output file may be truncated or incomplete.
#
#  Out of Memory Error (allocation.cpp:44), pid=40752, tid=16052
#
# JRE version: OpenJDK Runtime Environment Temurin-21.0.10+7 (21.0.10+7) (build 21.0.10+7-LTS)
# Java VM: OpenJDK 64-Bit Server VM Temurin-21.0.10+7 (21.0.10+7-LTS, mixed mode, sharing, tiered, compressed oops, compressed class ptrs, parallel gc, windows-amd64)
# No core dump will be written. Minidumps are not enabled by default on client versions of Windows
#

---------------  S U M M A R Y ------------

Command Line: --add-modules=ALL-SYSTEM --add-opens=java.base/java.util=ALL-UNNAMED --add-opens=java.base/java.lang=ALL-UNNAMED --add-opens=java.base/sun.nio.fs=ALL-UNNAMED -Declipse.application=org.eclipse.jdt.ls.core.id1 -Dosgi.bundles.defaultStartLevel=4 -Declipse.product=org.eclipse.jdt.ls.core.product -Djava.import.generatesMetadataFilesAtProjectRoot=false -DDetectVMInstallationsJob.disabled=true -Dfile.encoding=utf8 -XX:+UseParallelGC -XX:GCTimeRatio=4 -XX:AdaptiveSizePolicyWeight=90 -Dsun.zip.disableMemoryMapping=true -Xmx2G -Xms100m -Xlog:disable -javaagent:c:\Users\client\.antigravity\extensions\redhat.java-1.54.0-win32-x64\lombok\lombok-1.18.39-4050.jar -XX:+HeapDumpOnOutOfMemoryError -XX:HeapDumpPath=c:\Users\client\AppData\Roaming\Antigravity\User\workspaceStorage\8c175d7f7aadb9759325466ef5580f48\redhat.java -Daether.dependencyCollector.impl=bf c:\Users\client\.antigravity\extensions\redhat.java-1.54.0-win32-x64\server\plugins\org.eclipse.equinox.launcher_1.7.100.v20251111-0406.jar -configuration c:\Users\client\AppData\Roaming\Antigravity\User\globalStorage\redhat.java\1.54.0\config_win -data c:\Users\client\AppData\Roaming\Antigravity\User\workspaceStorage\8c175d7f7aadb9759325466ef5580f48\redhat.java\jdt_ws --pipe=\\.\pipe\lsp-53f3cb3cce86c0ac0328ecbd4a4bb56a-sock

Host: 12th Gen Intel(R) Core(TM) i5-12500H, 16 cores, 15G,  Windows 11 , 64 bit Build 26100 (10.0.26100.7920)
Time: Thu Apr 16 10:03:04 2026 Afr. centrale Ouest elapsed time: 6815.202447 seconds (0d 1h 53m 35s)

---------------  T H R E A D  ---------------

Current thread (0x000001ff15d78480):  JavaThread "Attach Listener" daemon [_thread_in_vm, id=16052, stack(0x000000cb25a00000,0x000000cb25b00000) (1024K)]

Stack: [0x000000cb25a00000,0x000000cb25b00000]
Native frames: (J=compiled Java code, j=interpreted, Vv=VM code, C=native code)
V  [jvm.dll+0x6d7a39]
V  [jvm.dll+0x8b4b26]
V  [jvm.dll+0x8b70de]
V  [jvm.dll+0x8b77c3]
V  [jvm.dll+0x284346]
V  [jvm.dll+0xc1277]
V  [jvm.dll+0x6d82e9]
V  [jvm.dll+0x1334a6]
V  [jvm.dll+0x3f857e]
V  [jvm.dll+0x85f59d]
V  [jvm.dll+0x6d626d]
C  [ucrtbase.dll+0x37b0]
C  [KERNEL32.DLL+0x2e8d7]
C  [ntdll.dll+0x8c48c]


---------------  P R O C E S S  ---------------

Threads class SMR info:
_java_thread_list=0x000001ff7d842d20, length=42, elements={
0x000001ff13a765c0, 0x000001ff15d6c090, 0x000001ff15d705f0, 0x000001ff15d77a20,
0x000001ff15d78480, 0x000001ff15d78ee0, 0x000001ff15d79940, 0x000001ff15d7c6e0,
0x000001ff6eaa02a0, 0x000001ff6ebc7c40, 0x000001ff70509240, 0x000001ff7507ff70,
0x000001ff7511ab70, 0x000001ff70ae7fa0, 0x000001ff70ae8610, 0x000001ff751b8220,
0x000001ff756cb4d0, 0x000001ff6ed35fd0, 0x000001ff70ba3660, 0x000001ff70ba22b0,
0x000001ff76d64b90, 0x000001ff76d65f40, 0x000001ff76d65220, 0x000001ff76d665d0,
0x000001ff76d63150, 0x000001ff76d658b0, 0x000001ff76d66c60, 0x000001ff76d672f0,
0x000001ff76d63e70, 0x000001ff76d64500, 0x000001ff76d67980, 0x000001ff76d6a770,
0x000001ff76d68010, 0x000001ff76d693c0, 0x000001ff76d686a0, 0x000001ff76d68d30,
0x000001ff76d69a50, 0x000001ff76d6a0e0, 0x000001ff77c986d0, 0x000001ff77c9ae30,
0x000001ff77c9b4c0, 0x000001ff77c98d60
}

Java Threads: ( => current thread )
  0x000001ff13a765c0 JavaThread "main"                              [_thread_blocked, id=40952, stack(0x000000cb25300000,0x000000cb25400000) (1024K)]
  0x000001ff15d6c090 JavaThread "Reference Handler"          daemon [_thread_blocked, id=40228, stack(0x000000cb25700000,0x000000cb25800000) (1024K)]
  0x000001ff15d705f0 JavaThread "Finalizer"                  daemon [_thread_blocked, id=40212, stack(0x000000cb25800000,0x000000cb25900000) (1024K)]
  0x000001ff15d77a20 JavaThread "Signal Dispatcher"          daemon [_thread_blocked, id=40016, stack(0x000000cb25900000,0x000000cb25a00000) (1024K)]
=>0x000001ff15d78480 JavaThread "Attach Listener"            daemon [_thread_in_vm, id=16052, stack(0x000000cb25a00000,0x000000cb25b00000) (1024K)]
  0x000001ff15d78ee0 JavaThread "Service Thread"             daemon [_thread_blocked, id=40364, stack(0x000000cb25b00000,0x000000cb25c00000) (1024K)]
  0x000001ff15d79940 JavaThread "Monitor Deflation Thread"   daemon [_thread_blocked, id=27904, stack(0x000000cb25c00000,0x000000cb25d00000) (1024K)]
  0x000001ff15d7c6e0 JavaThread "C2 CompilerThread0"         daemon [_thread_blocked, id=22384, stack(0x000000cb25d00000,0x000000cb25e00000) (1024K)]
  0x000001ff6eaa02a0 JavaThread "C1 CompilerThread0"         daemon [_thread_blocked, id=40740, stack(0x000000cb25e00000,0x000000cb25f00000) (1024K)]
  0x000001ff6ebc7c40 JavaThread "Common-Cleaner"             daemon [_thread_blocked, id=40492, stack(0x000000cb26000000,0x000000cb26100000) (1024K)]
  0x000001ff70509240 JavaThread "Notification Thread"        daemon [_thread_blocked, id=41012, stack(0x000000cb26400000,0x000000cb26500000) (1024K)]
  0x000001ff7507ff70 JavaThread "Active Thread: Equinox Container: 2a54e980-64b6-415f-8438-8d6b412e250c"        [_thread_blocked, id=41812, stack(0x000000cb26300000,0x000000cb26400000) (1024K)]
  0x000001ff7511ab70 JavaThread "Refresh Thread: Equinox Container: 2a54e980-64b6-415f-8438-8d6b412e250c" daemon [_thread_blocked, id=41244, stack(0x000000cb26d00000,0x000000cb26e00000) (1024K)]
  0x000001ff70ae7fa0 JavaThread "Framework Event Dispatcher: Equinox Container: 2a54e980-64b6-415f-8438-8d6b412e250c" daemon [_thread_blocked, id=41716, stack(0x000000cb26e00000,0x000000cb26f00000) (1024K)]
  0x000001ff70ae8610 JavaThread "Start Level: Equinox Container: 2a54e980-64b6-415f-8438-8d6b412e250c" daemon [_thread_blocked, id=41680, stack(0x000000cb26f00000,0x000000cb27000000) (1024K)]
  0x000001ff751b8220 JavaThread "Bundle File Closer"         daemon [_thread_blocked, id=40664, stack(0x000000cb26c00000,0x000000cb26d00000) (1024K)]
  0x000001ff756cb4d0 JavaThread "SCR Component Actor"        daemon [_thread_blocked, id=41340, stack(0x000000cb26100000,0x000000cb26200000) (1024K)]
  0x000001ff6ed35fd0 JavaThread "Worker-JM"                         [_thread_blocked, id=41116, stack(0x000000cb27300000,0x000000cb27400000) (1024K)]
  0x000001ff70ba3660 JavaThread "JNA Cleaner"                daemon [_thread_blocked, id=41560, stack(0x000000cb27800000,0x000000cb27900000) (1024K)]
  0x000001ff70ba22b0 JavaThread "Worker-0"                          [_thread_blocked, id=29604, stack(0x000000cb27900000,0x000000cb27a00000) (1024K)]
  0x000001ff76d64b90 JavaThread "Java indexing"              daemon [_thread_blocked, id=39764, stack(0x000000cb27d00000,0x000000cb27e00000) (1024K)]
  0x000001ff76d65f40 JavaThread "Worker-4"                          [_thread_blocked, id=36724, stack(0x000000cb28100000,0x000000cb28200000) (1024K)]
  0x000001ff76d65220 JavaThread "Thread-1"                   daemon [_thread_in_native, id=41356, stack(0x000000cb28200000,0x000000cb28300000) (1024K)]
  0x000001ff76d665d0 JavaThread "Thread-2"                   daemon [_thread_in_native, id=39940, stack(0x000000cb28300000,0x000000cb28400000) (1024K)]
  0x000001ff76d63150 JavaThread "Thread-3"                   daemon [_thread_in_native, id=40708, stack(0x000000cb28400000,0x000000cb28500000) (1024K)]
  0x000001ff76d658b0 JavaThread "Thread-4"                   daemon [_thread_in_native, id=40800, stack(0x000000cb28500000,0x000000cb28600000) (1024K)]
  0x000001ff76d66c60 JavaThread "Thread-5"                   daemon [_thread_in_native, id=3252, stack(0x000000cb28600000,0x000000cb28700000) (1024K)]
  0x000001ff76d672f0 JavaThread "Thread-6"                   daemon [_thread_in_native, id=7356, stack(0x000000cb28700000,0x000000cb28800000) (1024K)]
  0x000001ff76d63e70 JavaThread "Thread-7"                   daemon [_thread_in_native, id=41776, stack(0x000000cb28800000,0x000000cb28900000) (1024K)]
  0x000001ff76d64500 JavaThread "Thread-8"                   daemon [_thread_in_native, id=35044, stack(0x000000cb28900000,0x000000cb28a00000) (1024K)]
  0x000001ff76d67980 JavaThread "Thread-9"                   daemon [_thread_in_native, id=40984, stack(0x000000cb28a00000,0x000000cb28b00000) (1024K)]
  0x000001ff76d6a770 JavaThread "Thread-10"                  daemon [_thread_in_native, id=40644, stack(0x000000cb28b00000,0x000000cb28c00000) (1024K)]
  0x000001ff76d68010 JavaThread "Thread-11"                  daemon [_thread_in_native, id=41688, stack(0x000000cb28c00000,0x000000cb28d00000) (1024K)]
  0x000001ff76d693c0 JavaThread "Thread-12"                  daemon [_thread_in_native, id=9852, stack(0x000000cb28d00000,0x000000cb28e00000) (1024K)]
  0x000001ff76d686a0 JavaThread "Thread-13"                  daemon [_thread_in_native, id=41504, stack(0x000000cb28e00000,0x000000cb28f00000) (1024K)]
  0x000001ff76d68d30 JavaThread "Thread-14"                  daemon [_thread_in_native, id=40844, stack(0x000000cb28f00000,0x000000cb29000000) (1024K)]
  0x000001ff76d69a50 JavaThread "Thread-15"                  daemon [_thread_in_native, id=41604, stack(0x000000cb29000000,0x000000cb29100000) (1024K)]
  0x000001ff76d6a0e0 JavaThread "Thread-16"                  daemon [_thread_in_native, id=40260, stack(0x000000cb29100000,0x000000cb29200000) (1024K)]
  0x000001ff77c986d0 JavaThread "Thread-17"                  daemon [_thread_in_native, id=41796, stack(0x000000cb29200000,0x000000cb29300000) (1024K)]
  0x000001ff77c9ae30 JavaThread "pool-2-thread-1"                   [_thread_blocked, id=41196, stack(0x000000cb29300000,0x000000cb29400000) (1024K)]
  0x000001ff77c9b4c0 JavaThread "WorkspaceEventsHandler"            [_thread_blocked, id=24596, stack(0x000000cb29400000,0x000000cb29500000) (1024K)]
  0x000001ff77c98d60 JavaThread "pool-1-thread-1"                   [_thread_blocked, id=31516, stack(0x000000cb29500000,0x000000cb29600000) (1024K)]
Total: 42

Other Threads:
  0x000001ff6ea35110 VMThread "VM Thread"                           [id=8460, stack(0x000000cb25600000,0x000000cb25700000) (1024K)]
  0x000001ff15c5ca00 WatcherThread "VM Periodic Task Thread"        [id=39388, stack(0x000000cb25500000,0x000000cb25600000) (1024K)]
  0x000001ff15e1adc0 WorkerThread "GC Thread#0"                     [id=35000, stack(0x000000cb25400000,0x000000cb25500000) (1024K)]
  0x000001ff70b69c10 WorkerThread "GC Thread#1"                     [id=41608, stack(0x000000cb26600000,0x000000cb26700000) (1024K)]
  0x000001ff70b69fc0 WorkerThread "GC Thread#2"                     [id=41620, stack(0x000000cb26700000,0x000000cb26800000) (1024K)]
  0x000001ff70b6a370 WorkerThread "GC Thread#3"                     [id=41624, stack(0x000000cb26800000,0x000000cb26900000) (1024K)]
  0x000001ff70b08250 WorkerThread "GC Thread#4"                     [id=41628, stack(0x000000cb26900000,0x000000cb26a00000) (1024K)]
  0x000001ff70b08600 WorkerThread "GC Thread#5"                     [id=41632, stack(0x000000cb26a00000,0x000000cb26b00000) (1024K)]
  0x000001ff70b089b0 WorkerThread "GC Thread#6"                     [id=41636, stack(0x000000cb26b00000,0x000000cb26c00000) (1024K)]
  0x000001ff750a4d40 WorkerThread "GC Thread#7"                     [id=40392, stack(0x000000cb26500000,0x000000cb26600000) (1024K)]
  0x000001ff752a11e0 WorkerThread "GC Thread#8"                     [id=40080, stack(0x000000cb27000000,0x000000cb27100000) (1024K)]
  0x000001ff75229f40 WorkerThread "GC Thread#9"                     [id=40600, stack(0x000000cb27100000,0x000000cb27200000) (1024K)]
  0x000001ff7522a2f0 WorkerThread "GC Thread#10"                    [id=40976, stack(0x000000cb27200000,0x000000cb27300000) (1024K)]
  0x000001ff7567c8f0 WorkerThread "GC Thread#11"                    [id=19084, stack(0x000000cb27400000,0x000000cb27500000) (1024K)]
  0x000001ff7567af20 WorkerThread "GC Thread#12"                    [id=41348, stack(0x000000cb27500000,0x000000cb27600000) (1024K)]
Total: 15

Threads with active compile tasks:
Total: 0

VM state: not at safepoint (normal execution)

VM Mutex/Monitor currently owned by a thread: None

Heap address: 0x0000000080000000, size: 2048 MB, Compressed Oops mode: 32-bit

CDS archive(s) mapped at: [0x000001ff2d000000-0x000001ff2dba0000-0x000001ff2dba0000), size 12189696, SharedBaseAddress: 0x000001ff2d000000, ArchiveRelocationMode: 1.
Compressed class space mapped at: 0x000001ff2e000000-0x000001ff6e000000, reserved size: 1073741824
Narrow klass base: 0x000001ff2d000000, Narrow klass shift: 0, Narrow klass range: 0x100000000

GC Precious Log:
 CardTable entry size: 512
 CPUs: 16 total, 16 available
 Memory: 16068M
 Large Page Support: Disabled
 NUMA Support: Disabled
 Compressed Oops: Enabled (32-bit)
 Alignments: Space 512K, Generation 512K, Heap 2M
 Heap Min Capacity: 100M
 Heap Initial Capacity: 100M
 Heap Max Capacity: 2G
 Pre-touch: Disabled
 Parallel Workers: 13

Heap:
 PSYoungGen      total 13824K, used 3101K [0x00000000d5580000, 0x00000000d6600000, 0x0000000100000000)
  eden space 12800K, 16% used [0x00000000d5580000,0x00000000d5787b08,0x00000000d6200000)
  from space 1024K, 99% used [0x00000000d6500000,0x00000000d65ffa10,0x00000000d6600000)
  to   space 2048K, 0% used [0x00000000d6200000,0x00000000d6200000,0x00000000d6400000)
 ParOldGen       total 95744K, used 95655K [0x0000000080000000, 0x0000000085d80000, 0x00000000d5580000)
  object space 95744K, 99% used [0x0000000080000000,0x0000000085d69e28,0x0000000085d80000)
 Metaspace       used 65491K, committed 67008K, reserved 1114112K
  class space    used 6752K, committed 7424K, reserved 1048576K

Card table byte_map: [0x000001ff15770000,0x000001ff15b80000] _byte_map_base: 0x000001ff15370000

Marking Bits: (ParMarkBitMap*) 0x00007ff8391d3450
 Begin Bits: [0x000001ff28280000, 0x000001ff2a280000)
 End Bits:   [0x000001ff2a280000, 0x000001ff2c280000)

Polling page: 0x000001ff13c00000

Metaspace:

Usage:
  Non-class:     57.36 MB used.
      Class:      6.59 MB used.
       Both:     63.96 MB used.

Virtual space:
  Non-class space:       64.00 MB reserved,      58.19 MB ( 91%) committed,  1 nodes.
      Class space:        1.00 GB reserved,       7.25 MB ( <1%) committed,  1 nodes.
             Both:        1.06 GB reserved,      65.44 MB (  6%) committed. 

Chunk freelists:
   Non-Class:  5.86 MB
       Class:  8.63 MB
        Both:  14.49 MB

MaxMetaspaceSize: unlimited
CompressedClassSpaceSize: 1.00 GB
Initial GC threshold: 21.00 MB
Current GC threshold: 97.31 MB
CDS: on
 - commit_granule_bytes: 65536.
 - commit_granule_words: 8192.
 - virtual_space_node_default_size: 8388608.
 - enlarge_chunks_in_place: 1.
 - use_allocation_guard: 0.


Internal statistics:

num_allocs_failed_limit: 9.
num_arena_births: 1316.
num_arena_deaths: 18.
num_vsnodes_births: 2.
num_vsnodes_deaths: 0.
num_space_committed: 1047.
num_space_uncommitted: 0.
num_chunks_returned_to_freelist: 28.
num_chunks_taken_from_freelist: 4553.
num_chunk_merges: 9.
num_chunk_splits: 2745.
num_chunks_enlarged: 1439.
num_inconsistent_stats: 0.

CodeHeap 'non-profiled nmethods': size=119168Kb used=8386Kb max_used=8386Kb free=110781Kb
 bounds [0x000001ff20b70000, 0x000001ff213b0000, 0x000001ff27fd0000]
CodeHeap 'profiled nmethods': size=119104Kb used=29615Kb max_used=29615Kb free=89488Kb
 bounds [0x000001ff18fd0000, 0x000001ff1acc0000, 0x000001ff20420000]
CodeHeap 'non-nmethods': size=7488Kb used=1428Kb max_used=3217Kb free=6059Kb
 bounds [0x000001ff20420000, 0x000001ff20760000, 0x000001ff20b70000]
CodeCache: size=245760Kb, used=39429Kb, max_used=41218Kb, free=206328Kb
 total_blobs=13409, nmethods=12666, adapters=647, full_count=0
Compilation: enabled, stopped_count=0, restarted_count=0

Compilation events (20 events):
Event: 5020.016 Thread 0x000001ff6eaa02a0 13477       3       java.lang.ref.ReferenceQueue::await (15 bytes)
Event: 5020.017 Thread 0x000001ff6eaa02a0 nmethod 13477 0x000001ff1acb8690 code [0x000001ff1acb8840, 0x000001ff1acb89e0]
Event: 5286.854 Thread 0x000001ff6eaa02a0 13478  s!   3       org.eclipse.core.internal.jobs.WorkerPool::sleep (124 bytes)
Event: 5286.859 Thread 0x000001ff6eaa02a0 nmethod 13478 0x000001ff1acb8b10 code [0x000001ff1acb8d20, 0x000001ff1acb9238]
Event: 5706.820 Thread 0x000001ff15d7c6e0 13479       4       org.eclipse.core.internal.utils.StringPool::add (50 bytes)
Event: 5706.821 Thread 0x000001ff6eaa02a0 13480   !   3       org.eclipse.core.internal.jobs.JobManager::withWriteLock (70 bytes)
Event: 5706.833 Thread 0x000001ff6eaa02a0 nmethod 13480 0x000001ff1acb9410 code [0x000001ff1acb9620, 0x000001ff1acb9c38]
Event: 5706.890 Thread 0x000001ff15d7c6e0 nmethod 13479 0x000001ff2139ee90 code [0x000001ff2139f0e0, 0x000001ff2139fa40]
Event: 6280.327 Thread 0x000001ff6eaa02a0 13481   !   3       java.util.logging.LogManager::getUserContext (118 bytes)
Event: 6280.333 Thread 0x000001ff6eaa02a0 nmethod 13481 0x000001ff1acb9f10 code [0x000001ff1acba0c0, 0x000001ff1acba330]
Event: 6280.333 Thread 0x000001ff6eaa02a0 13482       3       jdk.internal.access.SharedSecrets::getJavaAWTAccess (4 bytes)
Event: 6280.333 Thread 0x000001ff6eaa02a0 nmethod 13482 0x000001ff1acba490 code [0x000001ff1acba620, 0x000001ff1acba718]
Event: 6606.852 Thread 0x000001ff6eaa02a0 13483       1       org.eclipse.core.internal.jobs.InternalJob::getListeners (5 bytes)
Event: 6606.858 Thread 0x000001ff6eaa02a0 nmethod 13483 0x000001ff213a0210 code [0x000001ff213a03a0, 0x000001ff213a0468]
Event: 6614.203 Thread 0x000001ff15d7c6e0 13484       4       java.util.concurrent.locks.AbstractQueuedSynchronizer$Node::setStatusRelaxed (12 bytes)
Event: 6614.207 Thread 0x000001ff15d7c6e0 nmethod 13484 0x000001ff213a0510 code [0x000001ff213a06a0, 0x000001ff213a0730]
Event: 6790.444 Thread 0x000001ff6eaa02a0 13485   !   3       java.util.logging.LogManager$LoggerContext::findLogger (113 bytes)
Event: 6790.477 Thread 0x000001ff6eaa02a0 nmethod 13485 0x000001ff1acba790 code [0x000001ff1acbaa40, 0x000001ff1acbb9a0]
Event: 6794.352 Thread 0x000001ff15d7c6e0 13486       4       java.util.concurrent.ThreadPoolExecutor::runStateAtLeast (11 bytes)
Event: 6794.353 Thread 0x000001ff15d7c6e0 nmethod 13486 0x000001ff213a0810 code [0x000001ff213a0980, 0x000001ff213a09f8]

GC Heap History (20 events):
Event: 16.238 GC heap before
{Heap before GC invocations=72 (full 3):
 PSYoungGen      total 15872K, used 15565K [0x00000000d5580000, 0x00000000d6680000, 0x0000000100000000)
  eden space 14848K, 99% used [0x00000000d5580000,0x00000000d63e7400,0x00000000d6400000)
  from space 1024K, 79% used [0x00000000d6580000,0x00000000d664c010,0x00000000d6680000)
  to   space 1024K, 0% used [0x00000000d6480000,0x00000000d6480000,0x00000000d6580000)
 ParOldGen       total 76800K, used 76574K [0x0000000080000000, 0x0000000084b00000, 0x00000000d5580000)
  object space 76800K, 99% used [0x0000000080000000,0x0000000084ac7a68,0x0000000084b00000)
 Metaspace       used 62870K, committed 64448K, reserved 1114112K
  class space    used 6597K, committed 7296K, reserved 1048576K
}
Event: 16.242 GC heap after
{Heap after GC invocations=72 (full 3):
 PSYoungGen      total 15872K, used 992K [0x00000000d5580000, 0x00000000d7200000, 0x0000000100000000)
  eden space 14848K, 0% used [0x00000000d5580000,0x00000000d5580000,0x00000000d6400000)
  from space 1024K, 96% used [0x00000000d6480000,0x00000000d6578020,0x00000000d6580000)
  to   space 7168K, 0% used [0x00000000d6b00000,0x00000000d6b00000,0x00000000d7200000)
 ParOldGen       total 81920K, used 81641K [0x0000000080000000, 0x0000000085000000, 0x00000000d5580000)
  object space 81920K, 99% used [0x0000000080000000,0x0000000084fba4b0,0x0000000085000000)
 Metaspace       used 62870K, committed 64448K, reserved 1114112K
  class space    used 6597K, committed 7296K, reserved 1048576K
}
Event: 16.296 GC heap before
{Heap before GC invocations=73 (full 3):
 PSYoungGen      total 15872K, used 15840K [0x00000000d5580000, 0x00000000d7200000, 0x0000000100000000)
  eden space 14848K, 100% used [0x00000000d5580000,0x00000000d6400000,0x00000000d6400000)
  from space 1024K, 96% used [0x00000000d6480000,0x00000000d6578020,0x00000000d6580000)
  to   space 7168K, 0% used [0x00000000d6b00000,0x00000000d6b00000,0x00000000d7200000)
 ParOldGen       total 81920K, used 81641K [0x0000000080000000, 0x0000000085000000, 0x00000000d5580000)
  object space 81920K, 99% used [0x0000000080000000,0x0000000084fba4b0,0x0000000085000000)
 Metaspace       used 63018K, committed 64576K, reserved 1114112K
  class space    used 6606K, committed 7296K, reserved 1048576K
}
Event: 16.300 GC heap after
{Heap after GC invocations=73 (full 3):
 PSYoungGen      total 19968K, used 7153K [0x00000000d5580000, 0x00000000d7600000, 0x0000000100000000)
  eden space 12800K, 0% used [0x00000000d5580000,0x00000000d5580000,0x00000000d6200000)
  from space 7168K, 99% used [0x00000000d6b00000,0x00000000d71fc560,0x00000000d7200000)
  to   space 9216K, 0% used [0x00000000d6200000,0x00000000d6200000,0x00000000d6b00000)
 ParOldGen       total 82944K, used 82817K [0x0000000080000000, 0x0000000085100000, 0x00000000d5580000)
  object space 82944K, 99% used [0x0000000080000000,0x00000000850e0560,0x0000000085100000)
 Metaspace       used 63018K, committed 64576K, reserved 1114112K
  class space    used 6606K, committed 7296K, reserved 1048576K
}
Event: 16.478 GC heap before
{Heap before GC invocations=74 (full 3):
 PSYoungGen      total 19968K, used 19953K [0x00000000d5580000, 0x00000000d7600000, 0x0000000100000000)
  eden space 12800K, 100% used [0x00000000d5580000,0x00000000d6200000,0x00000000d6200000)
  from space 7168K, 99% used [0x00000000d6b00000,0x00000000d71fc560,0x00000000d7200000)
  to   space 9216K, 0% used [0x00000000d6200000,0x00000000d6200000,0x00000000d6b00000)
 ParOldGen       total 82944K, used 82817K [0x0000000080000000, 0x0000000085100000, 0x00000000d5580000)
  object space 82944K, 99% used [0x0000000080000000,0x00000000850e0560,0x0000000085100000)
 Metaspace       used 63912K, committed 65536K, reserved 1114112K
  class space    used 6673K, committed 7360K, reserved 1048576K
}
Event: 16.482 GC heap after
{Heap after GC invocations=74 (full 3):
 PSYoungGen      total 14848K, used 1680K [0x00000000d5580000, 0x00000000d6b80000, 0x0000000100000000)
  eden space 12800K, 0% used [0x00000000d5580000,0x00000000d5580000,0x00000000d6200000)
  from space 2048K, 82% used [0x00000000d6200000,0x00000000d63a4350,0x00000000d6400000)
  to   space 4608K, 0% used [0x00000000d6700000,0x00000000d6700000,0x00000000d6b80000)
 ParOldGen       total 90112K, used 89771K [0x0000000080000000, 0x0000000085800000, 0x00000000d5580000)
  object space 90112K, 99% used [0x0000000080000000,0x00000000857aad68,0x0000000085800000)
 Metaspace       used 63912K, committed 65536K, reserved 1114112K
  class space    used 6673K, committed 7360K, reserved 1048576K
}
Event: 16.513 GC heap before
{Heap before GC invocations=75 (full 3):
 PSYoungGen      total 14848K, used 14480K [0x00000000d5580000, 0x00000000d6b80000, 0x0000000100000000)
  eden space 12800K, 100% used [0x00000000d5580000,0x00000000d6200000,0x00000000d6200000)
  from space 2048K, 82% used [0x00000000d6200000,0x00000000d63a4350,0x00000000d6400000)
  to   space 4608K, 0% used [0x00000000d6700000,0x00000000d6700000,0x00000000d6b80000)
 ParOldGen       total 90112K, used 89771K [0x0000000080000000, 0x0000000085800000, 0x00000000d5580000)
  object space 90112K, 99% used [0x0000000080000000,0x00000000857aad68,0x0000000085800000)
 Metaspace       used 64070K, committed 65664K, reserved 1114112K
  class space    used 6688K, committed 7360K, reserved 1048576K
}
Event: 16.515 GC heap after
{Heap after GC invocations=75 (full 3):
 PSYoungGen      total 13312K, used 378K [0x00000000d5580000, 0x00000000d6780000, 0x0000000100000000)
  eden space 12800K, 0% used [0x00000000d5580000,0x00000000d5580000,0x00000000d6200000)
  from space 512K, 73% used [0x00000000d6700000,0x00000000d675e900,0x00000000d6780000)
  to   space 1536K, 0% used [0x00000000d6480000,0x00000000d6480000,0x00000000d6600000)
 ParOldGen       total 91648K, used 91228K [0x0000000080000000, 0x0000000085980000, 0x00000000d5580000)
  object space 91648K, 99% used [0x0000000080000000,0x0000000085917398,0x0000000085980000)
 Metaspace       used 64070K, committed 65664K, reserved 1114112K
  class space    used 6688K, committed 7360K, reserved 1048576K
}
Event: 16.589 GC heap before
{Heap before GC invocations=76 (full 3):
 PSYoungGen      total 13312K, used 13178K [0x00000000d5580000, 0x00000000d6780000, 0x0000000100000000)
  eden space 12800K, 100% used [0x00000000d5580000,0x00000000d6200000,0x00000000d6200000)
  from space 512K, 73% used [0x00000000d6700000,0x00000000d675e900,0x00000000d6780000)
  to   space 1536K, 0% used [0x00000000d6480000,0x00000000d6480000,0x00000000d6600000)
 ParOldGen       total 91648K, used 91228K [0x0000000080000000, 0x0000000085980000, 0x00000000d5580000)
  object space 91648K, 99% used [0x0000000080000000,0x0000000085917398,0x0000000085980000)
 Metaspace       used 64275K, committed 65920K, reserved 1114112K
  class space    used 6703K, committed 7424K, reserved 1048576K
}
Event: 16.590 GC heap after
{Heap after GC invocations=76 (full 3):
 PSYoungGen      total 14336K, used 1326K [0x00000000d5580000, 0x00000000d6780000, 0x0000000100000000)
  eden space 12800K, 0% used [0x00000000d5580000,0x00000000d5580000,0x00000000d6200000)
  from space 1536K, 86% used [0x00000000d6480000,0x00000000d65cb998,0x00000000d6600000)
  to   space 1536K, 0% used [0x00000000d6600000,0x00000000d6600000,0x00000000d6780000)
 ParOldGen       total 91648K, used 91364K [0x0000000080000000, 0x0000000085980000, 0x00000000d5580000)
  object space 91648K, 99% used [0x0000000080000000,0x00000000859393a8,0x0000000085980000)
 Metaspace       used 64275K, committed 65920K, reserved 1114112K
  class space    used 6703K, committed 7424K, reserved 1048576K
}
Event: 16.675 GC heap before
{Heap before GC invocations=77 (full 3):
 PSYoungGen      total 14336K, used 14126K [0x00000000d5580000, 0x00000000d6780000, 0x0000000100000000)
  eden space 12800K, 100% used [0x00000000d5580000,0x00000000d6200000,0x00000000d6200000)
  from space 1536K, 86% used [0x00000000d6480000,0x00000000d65cb998,0x00000000d6600000)
  to   space 1536K, 0% used [0x00000000d6600000,0x00000000d6600000,0x00000000d6780000)
 ParOldGen       total 91648K, used 91364K [0x0000000080000000, 0x0000000085980000, 0x00000000d5580000)
  object space 91648K, 99% used [0x0000000080000000,0x00000000859393a8,0x0000000085980000)
 Metaspace       used 64408K, committed 66048K, reserved 1114112K
  class space    used 6703K, committed 7424K, reserved 1048576K
}
Event: 16.676 GC heap after
{Heap after GC invocations=77 (full 3):
 PSYoungGen      total 14336K, used 1120K [0x00000000d5580000, 0x00000000d6780000, 0x0000000100000000)
  eden space 12800K, 0% used [0x00000000d5580000,0x00000000d5580000,0x00000000d6200000)
  from space 1536K, 72% used [0x00000000d6600000,0x00000000d6718020,0x00000000d6780000)
  to   space 1536K, 0% used [0x00000000d6480000,0x00000000d6480000,0x00000000d6600000)
 ParOldGen       total 92672K, used 92452K [0x0000000080000000, 0x0000000085a80000, 0x00000000d5580000)
  object space 92672K, 99% used [0x0000000080000000,0x0000000085a492e8,0x0000000085a80000)
 Metaspace       used 64408K, committed 66048K, reserved 1114112K
  class space    used 6703K, committed 7424K, reserved 1048576K
}
Event: 16.753 GC heap before
{Heap before GC invocations=78 (full 3):
 PSYoungGen      total 14336K, used 13920K [0x00000000d5580000, 0x00000000d6780000, 0x0000000100000000)
  eden space 12800K, 100% used [0x00000000d5580000,0x00000000d6200000,0x00000000d6200000)
  from space 1536K, 72% used [0x00000000d6600000,0x00000000d6718020,0x00000000d6780000)
  to   space 1536K, 0% used [0x00000000d6480000,0x00000000d6480000,0x00000000d6600000)
 ParOldGen       total 92672K, used 92452K [0x0000000080000000, 0x0000000085a80000, 0x00000000d5580000)
  object space 92672K, 99% used [0x0000000080000000,0x0000000085a492e8,0x0000000085a80000)
 Metaspace       used 64522K, committed 66112K, reserved 1114112K
  class space    used 6703K, committed 7424K, reserved 1048576K
}
Event: 16.754 GC heap after
{Heap after GC invocations=78 (full 3):
 PSYoungGen      total 13824K, used 992K [0x00000000d5580000, 0x00000000d6680000, 0x0000000100000000)
  eden space 12800K, 0% used [0x00000000d5580000,0x00000000d5580000,0x00000000d6200000)
  from space 1024K, 96% used [0x00000000d6480000,0x00000000d6578020,0x00000000d6580000)
  to   space 1024K, 0% used [0x00000000d6580000,0x00000000d6580000,0x00000000d6680000)
 ParOldGen       total 93696K, used 93348K [0x0000000080000000, 0x0000000085b80000, 0x00000000d5580000)
  object space 93696K, 99% used [0x0000000080000000,0x0000000085b29348,0x0000000085b80000)
 Metaspace       used 64522K, committed 66112K, reserved 1114112K
  class space    used 6703K, committed 7424K, reserved 1048576K
}
Event: 17.026 GC heap before
{Heap before GC invocations=79 (full 3):
 PSYoungGen      total 13824K, used 13787K [0x00000000d5580000, 0x00000000d6680000, 0x0000000100000000)
  eden space 12800K, 99% used [0x00000000d5580000,0x00000000d61feea8,0x00000000d6200000)
  from space 1024K, 96% used [0x00000000d6480000,0x00000000d6578020,0x00000000d6580000)
  to   space 1024K, 0% used [0x00000000d6580000,0x00000000d6580000,0x00000000d6680000)
 ParOldGen       total 93696K, used 93348K [0x0000000080000000, 0x0000000085b80000, 0x00000000d5580000)
  object space 93696K, 99% used [0x0000000080000000,0x0000000085b29348,0x0000000085b80000)
 Metaspace       used 65057K, committed 66624K, reserved 1114112K
  class space    used 6731K, committed 7424K, reserved 1048576K
}
Event: 17.027 GC heap after
{Heap after GC invocations=79 (full 3):
 PSYoungGen      total 13824K, used 1020K [0x00000000d5580000, 0x00000000d6680000, 0x0000000100000000)
  eden space 12800K, 0% used [0x00000000d5580000,0x00000000d5580000,0x00000000d6200000)
  from space 1024K, 99% used [0x00000000d6580000,0x00000000d667f018,0x00000000d6680000)
  to   space 1536K, 0% used [0x00000000d6380000,0x00000000d6380000,0x00000000d6500000)
 ParOldGen       total 94208K, used 94076K [0x0000000080000000, 0x0000000085c00000, 0x00000000d5580000)
  object space 94208K, 99% used [0x0000000080000000,0x0000000085bdf388,0x0000000085c00000)
 Metaspace       used 65057K, committed 66624K, reserved 1114112K
  class space    used 6731K, committed 7424K, reserved 1048576K
}
Event: 17.120 GC heap before
{Heap before GC invocations=80 (full 3):
 PSYoungGen      total 13824K, used 13820K [0x00000000d5580000, 0x00000000d6680000, 0x0000000100000000)
  eden space 12800K, 100% used [0x00000000d5580000,0x00000000d6200000,0x00000000d6200000)
  from space 1024K, 99% used [0x00000000d6580000,0x00000000d667f018,0x00000000d6680000)
  to   space 1536K, 0% used [0x00000000d6380000,0x00000000d6380000,0x00000000d6500000)
 ParOldGen       total 94208K, used 94076K [0x0000000080000000, 0x0000000085c00000, 0x00000000d5580000)
  object space 94208K, 99% used [0x0000000080000000,0x0000000085bdf388,0x0000000085c00000)
 Metaspace       used 65072K, committed 66624K, reserved 1114112K
  class space    used 6731K, committed 7424K, reserved 1048576K
}
Event: 17.122 GC heap after
{Heap after GC invocations=80 (full 3):
 PSYoungGen      total 14336K, used 1056K [0x00000000d5580000, 0x00000000d6600000, 0x0000000100000000)
  eden space 12800K, 0% used [0x00000000d5580000,0x00000000d5580000,0x00000000d6200000)
  from space 1536K, 68% used [0x00000000d6380000,0x00000000d6488020,0x00000000d6500000)
  to   space 1024K, 0% used [0x00000000d6500000,0x00000000d6500000,0x00000000d6600000)
 ParOldGen       total 95232K, used 94951K [0x0000000080000000, 0x0000000085d00000, 0x00000000d5580000)
  object space 95232K, 99% used [0x0000000080000000,0x0000000085cb9fa8,0x0000000085d00000)
 Metaspace       used 65072K, committed 66624K, reserved 1114112K
  class space    used 6731K, committed 7424K, reserved 1048576K
}
Event: 31.846 GC heap before
{Heap before GC invocations=81 (full 3):
 PSYoungGen      total 14336K, used 13828K [0x00000000d5580000, 0x00000000d6600000, 0x0000000100000000)
  eden space 12800K, 99% used [0x00000000d5580000,0x00000000d61f9348,0x00000000d6200000)
  from space 1536K, 68% used [0x00000000d6380000,0x00000000d6488020,0x00000000d6500000)
  to   space 1024K, 0% used [0x00000000d6500000,0x00000000d6500000,0x00000000d6600000)
 ParOldGen       total 95232K, used 94951K [0x0000000080000000, 0x0000000085d00000, 0x00000000d5580000)
  object space 95232K, 99% used [0x0000000080000000,0x0000000085cb9fa8,0x0000000085d00000)
 Metaspace       used 65225K, committed 66752K, reserved 1114112K
  class space    used 6738K, committed 7424K, reserved 1048576K
}
Event: 31.847 GC heap after
{Heap after GC invocations=81 (full 3):
 PSYoungGen      total 13824K, used 1022K [0x00000000d5580000, 0x00000000d6600000, 0x0000000100000000)
  eden space 12800K, 0% used [0x00000000d5580000,0x00000000d5580000,0x00000000d6200000)
  from space 1024K, 99% used [0x00000000d6500000,0x00000000d65ffa10,0x00000000d6600000)
  to   space 2048K, 0% used [0x00000000d6200000,0x00000000d6200000,0x00000000d6400000)
 ParOldGen       total 95744K, used 95655K [0x0000000080000000, 0x0000000085d80000, 0x00000000d5580000)
  object space 95744K, 99% used [0x0000000080000000,0x0000000085d69e28,0x0000000085d80000)
 Metaspace       used 65225K, committed 66752K, reserved 1114112K
  class space    used 6738K, committed 7424K, reserved 1048576K
}

Dll operation events (10 events):
Event: 0.063 Loaded shared library c:\Users\client\.antigravity\extensions\redhat.java-1.54.0-win32-x64\jre\21.0.10-win32-x86_64\bin\java.dll
Event: 0.189 Loaded shared library c:\Users\client\.antigravity\extensions\redhat.java-1.54.0-win32-x64\jre\21.0.10-win32-x86_64\bin\zip.dll
Event: 0.214 Loaded shared library C:\Users\client\.antigravity\extensions\redhat.java-1.54.0-win32-x64\jre\21.0.10-win32-x86_64\bin\instrument.dll
Event: 0.262 Loaded shared library C:\Users\client\.antigravity\extensions\redhat.java-1.54.0-win32-x64\jre\21.0.10-win32-x86_64\bin\net.dll
Event: 0.277 Loaded shared library C:\Users\client\.antigravity\extensions\redhat.java-1.54.0-win32-x64\jre\21.0.10-win32-x86_64\bin\nio.dll
Event: 0.284 Loaded shared library C:\Users\client\.antigravity\extensions\redhat.java-1.54.0-win32-x64\jre\21.0.10-win32-x86_64\bin\zip.dll
Event: 0.315 Loaded shared library C:\Users\client\.antigravity\extensions\redhat.java-1.54.0-win32-x64\jre\21.0.10-win32-x86_64\bin\jimage.dll
Event: 0.407 Loaded shared library c:\Users\client\.antigravity\extensions\redhat.java-1.54.0-win32-x64\jre\21.0.10-win32-x86_64\bin\verify.dll
Event: 2.044 Loaded shared library C:\Users\client\AppData\Roaming\Antigravity\User\globalStorage\redhat.java\1.54.0\config_win\org.eclipse.equinox.launcher\org.eclipse.equinox.launcher.win32.win32.x86_64_1.3.0.v20260203-2149\eclipse_11919.dll
Event: 6.406 Loaded shared library C:\Users\client\AppData\Local\Temp\jna--1357712437\jna14827607108862490528.dll

Deoptimization events (20 events):
Event: 31.830 Thread 0x000001ff7507ff70 DEOPT PACKING pc=0x000001ff198ae650 sp=0x000000cb263fee20
Event: 31.830 Thread 0x000001ff7507ff70 DEOPT UNPACKING pc=0x000001ff20474242 sp=0x000000cb263fe378 mode 0
Event: 31.830 Thread 0x000001ff7507ff70 DEOPT PACKING pc=0x000001ff198ae650 sp=0x000000cb263fee20
Event: 31.830 Thread 0x000001ff7507ff70 DEOPT UNPACKING pc=0x000001ff20474242 sp=0x000000cb263fe378 mode 0
Event: 31.831 Thread 0x000001ff7507ff70 DEOPT PACKING pc=0x000001ff198ae650 sp=0x000000cb263fee20
Event: 31.831 Thread 0x000001ff7507ff70 DEOPT UNPACKING pc=0x000001ff20474242 sp=0x000000cb263fe378 mode 0
Event: 31.831 Thread 0x000001ff7507ff70 DEOPT PACKING pc=0x000001ff198ae650 sp=0x000000cb263fee20
Event: 31.831 Thread 0x000001ff7507ff70 DEOPT UNPACKING pc=0x000001ff20474242 sp=0x000000cb263fe378 mode 0
Event: 31.831 Thread 0x000001ff7507ff70 DEOPT PACKING pc=0x000001ff198ae650 sp=0x000000cb263fee20
Event: 31.831 Thread 0x000001ff7507ff70 DEOPT UNPACKING pc=0x000001ff20474242 sp=0x000000cb263fe378 mode 0
Event: 31.831 Thread 0x000001ff7507ff70 DEOPT PACKING pc=0x000001ff198ae650 sp=0x000000cb263fee20
Event: 31.831 Thread 0x000001ff7507ff70 DEOPT UNPACKING pc=0x000001ff20474242 sp=0x000000cb263fe378 mode 0
Event: 31.831 Thread 0x000001ff7507ff70 DEOPT PACKING pc=0x000001ff198ae650 sp=0x000000cb263fee20
Event: 31.831 Thread 0x000001ff7507ff70 DEOPT UNPACKING pc=0x000001ff20474242 sp=0x000000cb263fe378 mode 0
Event: 31.831 Thread 0x000001ff7507ff70 DEOPT PACKING pc=0x000001ff198ae650 sp=0x000000cb263fee20
Event: 31.831 Thread 0x000001ff7507ff70 DEOPT UNPACKING pc=0x000001ff20474242 sp=0x000000cb263fe378 mode 0
Event: 31.831 Thread 0x000001ff7507ff70 DEOPT PACKING pc=0x000001ff198ae650 sp=0x000000cb263fee20
Event: 31.831 Thread 0x000001ff7507ff70 DEOPT UNPACKING pc=0x000001ff20474242 sp=0x000000cb263fe378 mode 0
Event: 31.831 Thread 0x000001ff7507ff70 DEOPT PACKING pc=0x000001ff198ae650 sp=0x000000cb263fee20
Event: 31.831 Thread 0x000001ff7507ff70 DEOPT UNPACKING pc=0x000001ff20474242 sp=0x000000cb263fe378 mode 0

Classes loaded (20 events):
Event: 31.865 Loading class sun/util/locale/provider/TimeZoneNameProviderImpl done
Event: 31.865 Loading class sun/util/cldr/CLDRTimeZoneNameProviderImpl done
Event: 31.866 Loading class sun/util/locale/provider/BaseLocaleDataMetaInfo
Event: 31.866 Loading class sun/util/locale/provider/BaseLocaleDataMetaInfo done
Event: 31.867 Loading class sun/util/resources/cldr/TimeZoneNames
Event: 31.868 Loading class sun/util/resources/TimeZoneNamesBundle
Event: 31.868 Loading class sun/util/resources/OpenListResourceBundle
Event: 31.868 Loading class sun/util/resources/OpenListResourceBundle done
Event: 31.868 Loading class sun/util/resources/TimeZoneNamesBundle done
Event: 31.868 Loading class sun/util/resources/cldr/TimeZoneNames done
Event: 31.869 Loading class sun/util/resources/cldr/TimeZoneNames_en
Event: 31.870 Loading class sun/util/resources/cldr/TimeZoneNames_en done
Event: 31.870 Loading class sun/util/resources/cldr/TimeZoneNames_en_US
Event: 31.870 Loading class sun/util/resources/cldr/TimeZoneNames_en_US done
Event: 31.871 Loading class sun/util/cldr/CLDRBaseLocaleDataMetaInfo$TZCanonicalIDMapHolder
Event: 31.872 Loading class sun/util/cldr/CLDRBaseLocaleDataMetaInfo$TZCanonicalIDMapHolder done
Event: 31.874 Loading class sun/util/resources/TimeZoneNames
Event: 31.875 Loading class sun/util/resources/TimeZoneNames done
Event: 31.875 Loading class sun/util/resources/TimeZoneNames_en
Event: 31.875 Loading class sun/util/resources/TimeZoneNames_en done

Classes unloaded (9 events):
Event: 7.107 Thread 0x000001ff6ea35110 Unloading class 0x000001ff2e1ab400 'java/lang/invoke/LambdaForm$MH+0x000001ff2e1ab400'
Event: 7.107 Thread 0x000001ff6ea35110 Unloading class 0x000001ff2e1ab000 'java/lang/invoke/LambdaForm$MH+0x000001ff2e1ab000'
Event: 7.107 Thread 0x000001ff6ea35110 Unloading class 0x000001ff2e1aac00 'java/lang/invoke/LambdaForm$MH+0x000001ff2e1aac00'
Event: 7.107 Thread 0x000001ff6ea35110 Unloading class 0x000001ff2e1aa800 'java/lang/invoke/LambdaForm$MH+0x000001ff2e1aa800'
Event: 7.107 Thread 0x000001ff6ea35110 Unloading class 0x000001ff2e1aa400 'java/lang/invoke/LambdaForm$BMH+0x000001ff2e1aa400'
Event: 7.107 Thread 0x000001ff6ea35110 Unloading class 0x000001ff2e1aa000 'java/lang/invoke/LambdaForm$DMH+0x000001ff2e1aa000'
Event: 7.107 Thread 0x000001ff6ea35110 Unloading class 0x000001ff2e1a8c00 'java/lang/invoke/LambdaForm$DMH+0x000001ff2e1a8c00'
Event: 15.011 Thread 0x000001ff6ea35110 Unloading class 0x000001ff2e648800 'java/lang/invoke/LambdaForm$MH+0x000001ff2e648800'
Event: 15.011 Thread 0x000001ff6ea35110 Unloading class 0x000001ff2e648000 'java/lang/invoke/LambdaForm$MH+0x000001ff2e648000'

Classes redefined (0 events):
No events

Internal exceptions (20 events):
Event: 16.015 Thread 0x000001ff76d65f40 Exception <a 'sun/nio/fs/WindowsException'{0x00000000d61c84a8}> (0x00000000d61c84a8) 
thrown [s\src\hotspot\share\prims\jni.cpp, line 520]
Event: 16.022 Thread 0x000001ff76d64b90 Exception <a 'java/lang/NoSuchMethodError'{0x00000000d62703b8}: 'java.lang.Object java.lang.invoke.DirectMethodHandle$Holder.invokeStatic(java.lang.Object, java.lang.Object, int, java.lang.Object, java.lang.Object)'> (0x00000000d62703b8) 
thrown [s\src\hotspot\share\interpreter\linkResolver.cpp, line 773]
Event: 16.129 Thread 0x000001ff76d64b90 Implicit null exception at 0x000001ff211c6bcf to 0x000001ff211c6d30
Event: 16.172 Thread 0x000001ff76d64b90 Exception <a 'sun/nio/fs/WindowsException'{0x00000000d591f490}> (0x00000000d591f490) 
thrown [s\src\hotspot\share\prims\jni.cpp, line 520]
Event: 16.218 Thread 0x000001ff7927cd80 Implicit null exception at 0x000001ff2122210d to 0x000001ff21222458
Event: 16.266 Thread 0x000001ff77c9efd0 Exception <a 'java/lang/NoSuchMethodError'{0x00000000d5c55618}: 'java.lang.Object java.lang.invoke.DirectMethodHandle$Holder.invokeStaticInit(java.lang.Object, java.lang.Object, java.lang.Object)'> (0x00000000d5c55618) 
thrown [s\src\hotspot\share\interpreter\linkResolver.cpp, line 773]
Event: 16.464 Thread 0x000001ff7927cd80 Exception <a 'sun/nio/fs/WindowsException'{0x00000000d5fa27f8}> (0x00000000d5fa27f8) 
thrown [s\src\hotspot\share\prims\jni.cpp, line 520]
Event: 16.464 Thread 0x000001ff7927cd80 Exception <a 'sun/nio/fs/WindowsException'{0x00000000d5fa31e0}> (0x00000000d5fa31e0) 
thrown [s\src\hotspot\share\prims\jni.cpp, line 520]
Event: 16.465 Thread 0x000001ff7927cd80 Exception <a 'sun/nio/fs/WindowsException'{0x00000000d5fa41e8}> (0x00000000d5fa41e8) 
thrown [s\src\hotspot\share\prims\jni.cpp, line 520]
Event: 16.465 Thread 0x000001ff7927cd80 Exception <a 'sun/nio/fs/WindowsException'{0x00000000d5fa4bb0}> (0x00000000d5fa4bb0) 
thrown [s\src\hotspot\share\prims\jni.cpp, line 520]
Event: 16.465 Thread 0x000001ff70ba2fd0 Exception <a 'java/io/FileNotFoundException'{0x00000000d5f802d0}> (0x00000000d5f802d0) 
thrown [s\src\hotspot\share\prims\jni.cpp, line 520]
Event: 16.465 Thread 0x000001ff70ba2fd0 Exception <a 'java/io/FileNotFoundException'{0x00000000d5f81400}> (0x00000000d5f81400) 
thrown [s\src\hotspot\share\prims\jni.cpp, line 520]
Event: 16.465 Thread 0x000001ff70ba2fd0 Exception <a 'java/io/FileNotFoundException'{0x00000000d5f825a8}> (0x00000000d5f825a8) 
thrown [s\src\hotspot\share\prims\jni.cpp, line 520]
Event: 16.466 Thread 0x000001ff7927cd80 Exception <a 'sun/nio/fs/WindowsException'{0x00000000d5fa6650}> (0x00000000d5fa6650) 
thrown [s\src\hotspot\share\prims\jni.cpp, line 520]
Event: 16.466 Thread 0x000001ff7927cd80 Exception <a 'sun/nio/fs/WindowsException'{0x00000000d5fa7018}> (0x00000000d5fa7018) 
thrown [s\src\hotspot\share\prims\jni.cpp, line 520]
Event: 16.471 Thread 0x000001ff7927cd80 Exception <a 'sun/nio/fs/WindowsException'{0x00000000d60a0f40}> (0x00000000d60a0f40) 
thrown [s\src\hotspot\share\prims\jni.cpp, line 520]
Event: 16.471 Thread 0x000001ff7927cd80 Exception <a 'sun/nio/fs/WindowsException'{0x00000000d60a1908}> (0x00000000d60a1908) 
thrown [s\src\hotspot\share\prims\jni.cpp, line 520]
Event: 16.885 Thread 0x000001ff76d65f40 Exception <a 'java/lang/NoSuchMethodError'{0x00000000d5c21c50}: 'java.lang.Object java.lang.invoke.DirectMethodHandle$Holder.invokeStatic(java.lang.Object, java.lang.Object, int, java.lang.Object)'> (0x00000000d5c21c50) 
thrown [s\src\hotspot\share\interpreter\linkResolver.cpp, line 773]
Event: 16.886 Thread 0x000001ff76d65f40 Exception <a 'java/lang/NoSuchMethodError'{0x00000000d5c2f9a0}: 'java.lang.Object java.lang.invoke.DirectMethodHandle$Holder.newInvokeSpecial(java.lang.Object, java.lang.Object, int)'> (0x00000000d5c2f9a0) 
thrown [s\src\hotspot\share\interpreter\linkResolver.cpp, line 773]
Event: 3886.026 Thread 0x000001ff77c98d60 Exception <a 'java/lang/IncompatibleClassChangeError'{0x00000000d5749640}: Found class java.lang.Object, but interface was expected> (0x00000000d5749640) 
thrown [s\src\hotspot\share\interpreter\linkResolver.cpp, line 840]

ZGC Phase Switch (0 events):
No events

VM Operations (20 events):
Event: 5834.257 Executing non-safepoint VM operation: RendezvousGCThreads
Event: 5834.257 Executing non-safepoint VM operation: RendezvousGCThreads done
Event: 6255.317 Executing non-safepoint VM operation: HandshakeAllThreads (HandshakeForDeflation)
Event: 6255.318 Executing non-safepoint VM operation: HandshakeAllThreads (HandshakeForDeflation) done
Event: 6255.318 Executing non-safepoint VM operation: RendezvousGCThreads
Event: 6255.318 Executing non-safepoint VM operation: RendezvousGCThreads done
Event: 6435.591 Executing non-safepoint VM operation: HandshakeAllThreads (HandshakeForDeflation)
Event: 6435.591 Executing non-safepoint VM operation: HandshakeAllThreads (HandshakeForDeflation) done
Event: 6435.591 Executing non-safepoint VM operation: RendezvousGCThreads
Event: 6435.591 Executing non-safepoint VM operation: RendezvousGCThreads done
Event: 6495.814 Executing non-safepoint VM operation: HandshakeAllThreads (HandshakeForDeflation)
Event: 6495.814 Executing non-safepoint VM operation: HandshakeAllThreads (HandshakeForDeflation) done
Event: 6495.815 Executing non-safepoint VM operation: RendezvousGCThreads
Event: 6495.815 Executing non-safepoint VM operation: RendezvousGCThreads done
Event: 6606.895 Executing safepoint VM operation: Cleanup
Event: 6606.896 Executing safepoint VM operation: Cleanup done
Event: 6616.257 Executing non-safepoint VM operation: HandshakeAllThreads (HandshakeForDeflation)
Event: 6616.258 Executing non-safepoint VM operation: HandshakeAllThreads (HandshakeForDeflation) done
Event: 6616.258 Executing non-safepoint VM operation: RendezvousGCThreads
Event: 6616.258 Executing non-safepoint VM operation: RendezvousGCThreads done

Memory protections (0 events):
No events

Nmethod flushes (20 events):
Event: 15.029 Thread 0x000001ff6ea35110 flushing osr nmethod 0x000001ff199cac90
Event: 15.029 Thread 0x000001ff6ea35110 flushing osr nmethod 0x000001ff199e9c10
Event: 15.029 Thread 0x000001ff6ea35110 flushing osr nmethod 0x000001ff199ebd90
Event: 15.029 Thread 0x000001ff6ea35110 flushing  nmethod 0x000001ff199ece90
Event: 15.029 Thread 0x000001ff6ea35110 flushing  nmethod 0x000001ff199f7510
Event: 15.029 Thread 0x000001ff6ea35110 flushing  nmethod 0x000001ff19a02e10
Event: 15.029 Thread 0x000001ff6ea35110 flushing  nmethod 0x000001ff19a09d90
Event: 15.029 Thread 0x000001ff6ea35110 flushing  nmethod 0x000001ff19a0c610
Event: 15.029 Thread 0x000001ff6ea35110 flushing  nmethod 0x000001ff19a19090
Event: 15.029 Thread 0x000001ff6ea35110 flushing  nmethod 0x000001ff19a42c90
Event: 15.029 Thread 0x000001ff6ea35110 flushing  nmethod 0x000001ff19a43290
Event: 15.029 Thread 0x000001ff6ea35110 flushing  nmethod 0x000001ff19a43990
Event: 15.029 Thread 0x000001ff6ea35110 flushing  nmethod 0x000001ff19a44210
Event: 15.029 Thread 0x000001ff6ea35110 flushing  nmethod 0x000001ff19a44590
Event: 15.029 Thread 0x000001ff6ea35110 flushing  nmethod 0x000001ff19a47c10
Event: 15.029 Thread 0x000001ff6ea35110 flushing  nmethod 0x000001ff19a55090
Event: 15.029 Thread 0x000001ff6ea35110 flushing  nmethod 0x000001ff19a59510
Event: 15.029 Thread 0x000001ff6ea35110 flushing  nmethod 0x000001ff19a86490
Event: 15.029 Thread 0x000001ff6ea35110 flushing  nmethod 0x000001ff19a99290
Event: 15.029 Thread 0x000001ff6ea35110 flushing  nmethod 0x000001ff19abdc90

Events (20 events):
Event: 41.897 Thread 0x000001ff789e7700 Thread exited: 0x000001ff789e7700
Event: 76.819 Thread 0x000001ff70ba2940 Thread exited: 0x000001ff70ba2940
Event: 76.842 Thread 0x000001ff76d637e0 Thread exited: 0x000001ff76d637e0
Event: 76.935 Thread 0x000001ff77c9efd0 Thread exited: 0x000001ff77c9efd0
Event: 78.019 Thread 0x000001ff77c9a110 Thread exited: 0x000001ff77c9a110
Event: 136.837 Thread 0x000001ff70ba2fd0 Thread exited: 0x000001ff70ba2fd0
Event: 136.946 Thread 0x000001ff7927cd80 Thread exited: 0x000001ff7927cd80
Event: 196.947 Thread 0x000001ff77c98040 Thread exited: 0x000001ff77c98040
Event: 256.962 Thread 0x000001ff77c9e2b0 Thread exited: 0x000001ff77c9e2b0
Event: 316.962 Thread 0x000001ff7927b340 Thread exited: 0x000001ff7927b340
Event: 376.973 Thread 0x000001ff77c9e940 Thread exited: 0x000001ff77c9e940
Event: 436.984 Thread 0x000001ff7927b9d0 Thread exited: 0x000001ff7927b9d0
Event: 497.000 Thread 0x000001ff77c9f660 Thread exited: 0x000001ff77c9f660
Event: 557.008 Thread 0x000001ff77c9cf00 Thread exited: 0x000001ff77c9cf00
Event: 617.016 Thread 0x000001ff7927c6f0 Thread exited: 0x000001ff7927c6f0
Event: 677.025 Thread 0x000001ff79279f90 Thread exited: 0x000001ff79279f90
Event: 737.034 Thread 0x000001ff7927c060 Thread exited: 0x000001ff7927c060
Event: 797.050 Thread 0x000001ff77c9d590 Thread exited: 0x000001ff77c9d590
Event: 857.060 Thread 0x000001ff77c9bb50 Thread exited: 0x000001ff77c9bb50
Event: 917.079 Thread 0x000001ff77c9dc20 Thread exited: 0x000001ff77c9dc20


Dynamic libraries:
0x00007ff6cba80000 - 0x00007ff6cba8e000 	c:\Users\client\.antigravity\extensions\redhat.java-1.54.0-win32-x64\jre\21.0.10-win32-x86_64\bin\java.exe
0x00007ff949be0000 - 0x00007ff949e47000 	C:\WINDOWS\SYSTEM32\ntdll.dll
0x00007ff947980000 - 0x00007ff947a49000 	C:\WINDOWS\System32\KERNEL32.DLL
0x00007ff9465f0000 - 0x00007ff9469e1000 	C:\WINDOWS\System32\KERNELBASE.dll
0x00007ff9469f0000 - 0x00007ff946b3b000 	C:\WINDOWS\System32\ucrtbase.dll
0x00007ff8d5c00000 - 0x00007ff8d5c18000 	c:\Users\client\.antigravity\extensions\redhat.java-1.54.0-win32-x64\jre\21.0.10-win32-x86_64\bin\jli.dll
0x00007ff949910000 - 0x00007ff949ad5000 	C:\WINDOWS\System32\USER32.dll
0x00007ff8df9f0000 - 0x00007ff8dfa0e000 	c:\Users\client\.antigravity\extensions\redhat.java-1.54.0-win32-x64\jre\21.0.10-win32-x86_64\bin\VCRUNTIME140.dll
0x00007ff946b40000 - 0x00007ff946b67000 	C:\WINDOWS\System32\win32u.dll
0x00007ff9498e0000 - 0x00007ff94990b000 	C:\WINDOWS\System32\GDI32.dll
0x00007ff9464c0000 - 0x00007ff9465eb000 	C:\WINDOWS\System32\gdi32full.dll
0x00007ff946b70000 - 0x00007ff946c13000 	C:\WINDOWS\System32\msvcp_win.dll
0x00007ff926970000 - 0x00007ff926c03000 	C:\WINDOWS\WinSxS\amd64_microsoft.windows.common-controls_6595b64144ccf1df_6.0.26100.8037_none_3e092faae333b53b\COMCTL32.dll
0x00007ff948880000 - 0x00007ff948929000 	C:\WINDOWS\System32\msvcrt.dll
0x00007ff9487c0000 - 0x00007ff9487f1000 	C:\WINDOWS\System32\IMM32.DLL
0x0000000063a40000 - 0x0000000063a4d000 	C:\Program Files (x86)\360\Total Security\safemon\SafeWrapper.dll
0x00007ff9489a0000 - 0x00007ff948a5b000 	C:\WINDOWS\System32\ADVAPI32.dll
0x00007ff947ce0000 - 0x00007ff947d87000 	C:\WINDOWS\System32\sechost.dll
0x00007ff948a70000 - 0x00007ff948b88000 	C:\WINDOWS\System32\RPCRT4.dll
0x00007ff93ed90000 - 0x00007ff93ee95000 	C:\Program Files (x86)\360\Total Security\safemon\libzdtp64.dll
0x00007ff947e20000 - 0x00007ff94857f000 	C:\WINDOWS\System32\SHELL32.dll
0x00007ff946da0000 - 0x00007ff946f0a000 	C:\WINDOWS\System32\wintypes.dll
0x00007ff949550000 - 0x00007ff9498d2000 	C:\WINDOWS\System32\combase.dll
0x00007ff949ae0000 - 0x00007ff949b47000 	C:\WINDOWS\System32\SHLWAPI.dll
0x00007ff947080000 - 0x00007ff9478e4000 	C:\WINDOWS\System32\Windows.Storage.dll
0x00007ff945fa0000 - 0x00007ff945fab000 	C:\WINDOWS\SYSTEM32\VERSION.dll
0x00007ff9317f0000 - 0x00007ff9317fc000 	c:\Users\client\.antigravity\extensions\redhat.java-1.54.0-win32-x64\jre\21.0.10-win32-x86_64\bin\vcruntime140_1.dll
0x00007ff89dfd0000 - 0x00007ff89e05d000 	c:\Users\client\.antigravity\extensions\redhat.java-1.54.0-win32-x64\jre\21.0.10-win32-x86_64\bin\msvcp140.dll
0x00007ff838510000 - 0x00007ff8392b1000 	c:\Users\client\.antigravity\extensions\redhat.java-1.54.0-win32-x64\jre\21.0.10-win32-x86_64\bin\server\jvm.dll
0x00007ff948800000 - 0x00007ff948874000 	C:\WINDOWS\System32\WS2_32.dll
0x00007ff946320000 - 0x00007ff94637e000 	C:\WINDOWS\SYSTEM32\POWRPROF.dll
0x00007ff93c010000 - 0x00007ff93c045000 	C:\WINDOWS\SYSTEM32\WINMM.dll
0x00007ff946300000 - 0x00007ff946314000 	C:\WINDOWS\SYSTEM32\UMPDC.dll
0x00007ff9451a0000 - 0x00007ff9451bb000 	C:\WINDOWS\SYSTEM32\kernel.appcore.dll
0x00007ff910910000 - 0x00007ff91091a000 	c:\Users\client\.antigravity\extensions\redhat.java-1.54.0-win32-x64\jre\21.0.10-win32-x86_64\bin\jimage.dll
0x00007ff944320000 - 0x00007ff944562000 	C:\WINDOWS\SYSTEM32\DBGHELP.DLL
0x00007ff9490e0000 - 0x00007ff9491b7000 	C:\WINDOWS\System32\OLEAUT32.dll
0x00007ff924b20000 - 0x00007ff924b5b000 	C:\WINDOWS\SYSTEM32\dbgcore.DLL
0x00007ff946f10000 - 0x00007ff946fb5000 	C:\WINDOWS\System32\bcryptPrimitives.dll
0x00007ff910720000 - 0x00007ff91072f000 	c:\Users\client\.antigravity\extensions\redhat.java-1.54.0-win32-x64\jre\21.0.10-win32-x86_64\bin\instrument.dll
0x00007ff8d01a0000 - 0x00007ff8d01c0000 	c:\Users\client\.antigravity\extensions\redhat.java-1.54.0-win32-x64\jre\21.0.10-win32-x86_64\bin\java.dll
0x00007ff947b50000 - 0x00007ff947c47000 	C:\WINDOWS\System32\SHCORE.dll
0x00007ff9463e0000 - 0x00007ff946409000 	C:\WINDOWS\SYSTEM32\profapi.dll
0x00007ff8d0180000 - 0x00007ff8d0198000 	c:\Users\client\.antigravity\extensions\redhat.java-1.54.0-win32-x64\jre\21.0.10-win32-x86_64\bin\zip.dll
0x00007ff90e8f0000 - 0x00007ff90e900000 	C:\Users\client\.antigravity\extensions\redhat.java-1.54.0-win32-x64\jre\21.0.10-win32-x86_64\bin\net.dll
0x00007ff93e860000 - 0x00007ff93e987000 	C:\WINDOWS\SYSTEM32\WINHTTP.dll
0x00007ff9456f0000 - 0x00007ff94575b000 	C:\WINDOWS\system32\mswsock.dll
0x00007ff8cff70000 - 0x00007ff8cff86000 	C:\Users\client\.antigravity\extensions\redhat.java-1.54.0-win32-x64\jre\21.0.10-win32-x86_64\bin\nio.dll
0x00007ff90d6f0000 - 0x00007ff90d700000 	c:\Users\client\.antigravity\extensions\redhat.java-1.54.0-win32-x64\jre\21.0.10-win32-x86_64\bin\verify.dll
0x00007ff8a2bf0000 - 0x00007ff8a2c35000 	C:\Users\client\AppData\Roaming\Antigravity\User\globalStorage\redhat.java\1.54.0\config_win\org.eclipse.equinox.launcher\org.eclipse.equinox.launcher.win32.win32.x86_64_1.3.0.v20260203-2149\eclipse_11919.dll
0x00007ff9491d0000 - 0x00007ff949365000 	C:\WINDOWS\System32\ole32.dll
0x00007ff945af0000 - 0x00007ff945b0b000 	C:\WINDOWS\SYSTEM32\CRYPTSP.dll
0x00007ff945100000 - 0x00007ff945139000 	C:\WINDOWS\system32\rsaenh.dll
0x00007ff9457a0000 - 0x00007ff9457d2000 	C:\WINDOWS\SYSTEM32\USERENV.dll
0x00007ff9463b0000 - 0x00007ff9463da000 	C:\WINDOWS\SYSTEM32\bcrypt.dll
0x00007ff945950000 - 0x00007ff94595c000 	C:\WINDOWS\SYSTEM32\CRYPTBASE.dll
0x00007ff944af0000 - 0x00007ff944b23000 	C:\WINDOWS\SYSTEM32\IPHLPAPI.DLL
0x00007ff9491c0000 - 0x00007ff9491ca000 	C:\WINDOWS\System32\NSI.dll
0x00007ff8da400000 - 0x00007ff8da449000 	C:\Users\client\AppData\Local\Temp\jna--1357712437\jna14827607108862490528.dll
0x00007ff948a60000 - 0x00007ff948a68000 	C:\WINDOWS\System32\PSAPI.DLL
0x00007ff93eeb0000 - 0x00007ff93eecd000 	C:\WINDOWS\SYSTEM32\dhcpcsvc6.DLL
0x00007ff93ea00000 - 0x00007ff93ea23000 	C:\WINDOWS\SYSTEM32\dhcpcsvc.DLL

JVMTI agents:
c:\Users\client\.antigravity\extensions\redhat.java-1.54.0-win32-x64\lombok\lombok-1.18.39-4050.jar path:c:\Users\client\.antigravity\extensions\redhat.java-1.54.0-win32-x64\jre\21.0.10-win32-x86_64\bin\instrument.dll, loaded, initialized, instrumentlib options:none

dbghelp: loaded successfully - version: 4.0.5 - missing functions: none
symbol engine: initialized successfully - sym options: 0x614 - pdb path: .;c:\Users\client\.antigravity\extensions\redhat.java-1.54.0-win32-x64\jre\21.0.10-win32-x86_64\bin;C:\WINDOWS\SYSTEM32;C:\WINDOWS\WinSxS\amd64_microsoft.windows.common-controls_6595b64144ccf1df_6.0.26100.8037_none_3e092faae333b53b;C:\Program Files (x86)\360\Total Security\safemon;c:\Users\client\.antigravity\extensions\redhat.java-1.54.0-win32-x64\jre\21.0.10-win32-x86_64\bin\server;C:\Users\client\AppData\Roaming\Antigravity\User\globalStorage\redhat.java\1.54.0\config_win\org.eclipse.equinox.launcher\org.eclipse.equinox.launcher.win32.win32.x86_64_1.3.0.v20260203-2149;C:\Users\client\AppData\Local\Temp\jna--1357712437

VM Arguments:
jvm_args: --add-modules=ALL-SYSTEM --add-opens=java.base/java.util=ALL-UNNAMED --add-opens=java.base/java.lang=ALL-UNNAMED --add-opens=java.base/sun.nio.fs=ALL-UNNAMED -Declipse.application=org.eclipse.jdt.ls.core.id1 -Dosgi.bundles.defaultStartLevel=4 -Declipse.product=org.eclipse.jdt.ls.core.product -Djava.import.generatesMetadataFilesAtProjectRoot=false -DDetectVMInstallationsJob.disabled=true -Dfile.encoding=utf8 -XX:+UseParallelGC -XX:GCTimeRatio=4 -XX:AdaptiveSizePolicyWeight=90 -Dsun.zip.disableMemoryMapping=true -Xmx2G -Xms100m -Xlog:disable -javaagent:c:\Users\client\.antigravity\extensions\redhat.java-1.54.0-win32-x64\lombok\lombok-1.18.39-4050.jar -XX:+HeapDumpOnOutOfMemoryError -XX:HeapDumpPath=c:\Users\client\AppData\Roaming\Antigravity\User\workspaceStorage\8c175d7f7aadb9759325466ef5580f48\redhat.java -Daether.dependencyCollector.impl=bf 
java_command: c:\Users\client\.antigravity\extensions\redhat.java-1.54.0-win32-x64\server\plugins\org.eclipse.equinox.launcher_1.7.100.v20251111-0406.jar -configuration c:\Users\client\AppData\Roaming\Antigravity\User\globalStorage\redhat.java\1.54.0\config_win -data c:\Users\client\AppData\Roaming\Antigravity\User\workspaceStorage\8c175d7f7aadb9759325466ef5580f48\redhat.java\jdt_ws --pipe=\\.\pipe\lsp-53f3cb3cce86c0ac0328ecbd4a4bb56a-sock
java_class_path (initial): c:\Users\client\.antigravity\extensions\redhat.java-1.54.0-win32-x64\server\plugins\org.eclipse.equinox.launcher_1.7.100.v20251111-0406.jar
Launcher Type: SUN_STANDARD

[Global flags]
    uintx AdaptiveSizePolicyWeight                 = 90                                        {product} {command line}
     intx CICompilerCount                          = 12                                        {product} {ergonomic}
    uintx GCTimeRatio                              = 4                                         {product} {command line}
     bool HeapDumpOnOutOfMemoryError               = true                                   {manageable} {command line}
    ccstr HeapDumpPath                             = c:\Users\client\AppData\Roaming\Antigravity\User\workspaceStorage\8c175d7f7aadb9759325466ef5580f48\redhat.java         {manageable} {command line}
   size_t InitialHeapSize                          = 104857600                                 {product} {command line}
   size_t MaxHeapSize                              = 2147483648                                {product} {command line}
   size_t MaxNewSize                               = 715653120                                 {product} {ergonomic}
   size_t MinHeapDeltaBytes                        = 524288                                    {product} {ergonomic}
   size_t MinHeapSize                              = 104857600                                 {product} {command line}
   size_t NewSize                                  = 34603008                                  {product} {ergonomic}
    uintx NonNMethodCodeHeapSize                   = 7602480                                {pd product} {ergonomic}
    uintx NonProfiledCodeHeapSize                  = 122027880                              {pd product} {ergonomic}
   size_t OldSize                                  = 70254592                                  {product} {ergonomic}
    uintx ProfiledCodeHeapSize                     = 122027880                              {pd product} {ergonomic}
    uintx ReservedCodeCacheSize                    = 251658240                              {pd product} {ergonomic}
     bool SegmentedCodeCache                       = true                                      {product} {ergonomic}
   size_t SoftMaxHeapSize                          = 2147483648                             {manageable} {ergonomic}
     bool UseCompressedOops                        = true                           {product lp64_product} {ergonomic}
     bool UseLargePagesIndividualAllocation        = false                                  {pd product} {ergonomic}
     bool UseParallelGC                            = true                                      {product} {command line}

Logging:
Log output configuration:
 #0: stdout all=off uptime,level,tags foldmultilines=false
 #1: stderr all=off uptime,level,tags foldmultilines=false

Release file:
JAVA_VERSION="21.0.10" 
MODULES="java.base java.compiler java.datatransfer java.xml java.prefs java.desktop java.instrument java.logging java.management java.security.sasl java.naming java.rmi java.management.rmi java.net.http java.scripting java.security.jgss java.transaction.xa java.sql java.sql.rowset java.xml.crypto java.se java.smartcardio jdk.accessibility jdk.internal.jvmstat jdk.attach jdk.charsets jdk.internal.opt jdk.zipfs jdk.compiler jdk.crypto.ec jdk.crypto.cryptoki jdk.crypto.mscapi jdk.dynalink jdk.internal.ed jdk.editpad jdk.hotspot.agent jdk.httpserver jdk.internal.le jdk.internal.vm.ci jdk.internal.vm.compiler jdk.internal.vm.compiler.management jdk.jartool jdk.javadoc jdk.jcmd jdk.management jdk.management.agent jdk.jconsole jdk.jdeps jdk.jdwp.agent jdk.jdi jdk.jfr jdk.jshell jdk.jsobject jdk.jstatd jdk.localedata jdk.management.jfr jdk.naming.dns jdk.naming.rmi jdk.net jdk.nio.mapmode jdk.random jdk.sctp jdk.security.auth jdk.security.jgss jdk.unsupported jdk.unsupported.desktop jdk.xml.dom" 

Environment Variables:
JAVA_HOME=C:\Program Files\Eclipse Adoptium\jdk-17.0.16.8-hotspot\
PATH=C:\Program Files\Eclipse Adoptium\jdk-17.0.16.8-hotspot\bin;C:\WINDOWS\system32;C:\WINDOWS;C:\WINDOWS\System32\Wbem;C:\WINDOWS\System32\WindowsPowerShell\v1.0\;C:\WINDOWS\System32\OpenSSH\;C:\Program Files\MiKTeX\miktex\bin\x64\;C:\Program Files\dotnet\;C:\Program Files\Git\cmd;C:\Users\client\AppData\Local\nvm;C:\Users\client\Desktop\TP1 Iot\nvm-setup (1)\nodejs;C:\Program Files\nodejs\;C:\Program Files\nodejs;C:\Users\client\Desktop\TP1 Iot\nvm-setup (1)\nodejs;C:\Users\client\AppData\Local\nvm;C:\Program Files\Docker\Docker\resources\bin;C:\Program Files\Microsoft SQL Server\150\Tools\Binn\;C:\Program Files\Microsoft SQL Server\Client SDK\ODBC\170\Tools\Binn\;C:\Program Files (x86)\Windows Kits\10\Windows Performance Toolkit\;C:\Program Files (x86)\Microsoft SQL Server\160\Tools\Binn\;C:\Program Files\Microsoft SQL Server\160\Tools\Binn\;C:\Program Files\Microsoft SQL Server\160\DTS\Binn\;C:\Program Files (x86)\Microsoft SQL Server\160\DTS\Binn\;C:\ProgramData\apache-maven-3.9.11\bin;C:\Program Files\PostgreSQL\15\bin;C:\Program Files (x86)\Microsoft SQL Server\170\Tools\Binn\;C:\Program Files\Microsoft SQL Server\170\Tools\Binn\;C:\Program Files\Microsoft SQL Server\Client SDK\ODBC\180\Tools\Binn\;C:\Program Files\Microsoft SQL Server\170\DTS\Binn\;C:\Users\client\.local\bin;C:\Users\client\AppData\Local\Microsoft\WindowsApps;C:\Users\client\AppData\Local\Microsoft\WinGet\Links;C:\Users\client\AppData\Local\Programs\Microsoft VS Code\bin;C:\Users\client\AppData\Local\Programs\Antigravity\bin
USERNAME=client
OS=Windows_NT
PROCESSOR_IDENTIFIER=Intel64 Family 6 Model 154 Stepping 3, GenuineIntel
TMP=C:\Users\client\AppData\Local\Temp
TEMP=C:\Users\client\AppData\Local\Temp




Periodic native trim disabled

---------------  S Y S T E M  ---------------

OS:
 Windows 11 , 64 bit Build 26100 (10.0.26100.7920)
OS uptime: 0 days 13:57 hours
Hyper-V role detected

CPU: total 16 (initial active 16) (8 cores per cpu, 2 threads per core) family 6 model 154 stepping 3 microcode 0x43b, cx8, cmov, fxsr, ht, mmx, 3dnowpref, sse, sse2, sse3, ssse3, sse4.1, sse4.2, popcnt, lzcnt, tsc, tscinvbit, avx, avx2, aes, erms, clmul, bmi1, bmi2, adx, sha, fma, vzeroupper, clflush, clflushopt, clwb, hv, serialize, rdtscp, rdpid, fsrm, f16c, cet_ibt, cet_ss
Processor Information for processor 0
  Max Mhz: 2500, Current Mhz: 2500, Mhz Limit: 2500
Processor Information for processor 1
  Max Mhz: 2500, Current Mhz: 2500, Mhz Limit: 2500
Processor Information for processor 2
  Max Mhz: 2500, Current Mhz: 2500, Mhz Limit: 2500
Processor Information for processor 3
  Max Mhz: 2500, Current Mhz: 2500, Mhz Limit: 2500
Processor Information for processor 4
  Max Mhz: 2500, Current Mhz: 2500, Mhz Limit: 2500
Processor Information for processor 5
  Max Mhz: 2500, Current Mhz: 2500, Mhz Limit: 2500
Processor Information for processor 6
  Max Mhz: 2500, Current Mhz: 2500, Mhz Limit: 2500
Processor Information for processor 7
  Max Mhz: 2500, Current Mhz: 2500, Mhz Limit: 2500
Processor Information for processor 8
  Max Mhz: 2500, Current Mhz: 2500, Mhz Limit: 2500
Processor Information for processor 9
  Max Mhz: 2500, Current Mhz: 2500, Mhz Limit: 2500
Processor Information for processor 10
  Max Mhz: 2500, Current Mhz: 2500, Mhz Limit: 2500
Processor Information for processor 11
  Max Mhz: 2500, Current Mhz: 1527, Mhz Limit: 2500
Processor Information for processor 12
  Max Mhz: 2500, Current Mhz: 2500, Mhz Limit: 2500
Processor Information for processor 13
  Max Mhz: 2500, Current Mhz: 1527, Mhz Limit: 2500
Processor Information for processor 14
  Max Mhz: 2500, Current Mhz: 2500, Mhz Limit: 2500
Processor Information for processor 15
  Max Mhz: 2500, Current Mhz: 2500, Mhz Limit: 2500

Memory: 4k page, system-wide physical 16068M (1282M free)
TotalPageFile size 36393M (AvailPageFile size 22M)
current process WorkingSet (physical memory assigned to process): 17M, peak: 420M
current process commit charge ("private bytes"): 394M, peak: 508M

vm_info: OpenJDK 64-Bit Server VM (21.0.10+7-LTS) for windows-amd64 JRE (21.0.10+7-LTS), built on 2026-01-20T00:00:00Z by "admin" with MS VC++ 17.12 (VS2022)

END.
