#
# There is insufficient memory for the Java Runtime Environment to continue.
# Native memory allocation (malloc) failed to allocate 1048576 bytes. Error detail: AllocateHeap
# Possible reasons:
#   The system is out of physical RAM or swap space
#   This process is running with CompressedOops enabled, and the Java Heap may be blocking the growth of the native heap
# Possible solutions:
#   Reduce memory load on the system
#   Increase physical memory or swap space
#   Check if swap backing store is full
#   Decrease Java heap size (-Xmx/-Xms)
#   Decrease number of Java threads
#   Decrease Java thread stack sizes (-Xss)
#   Set larger code cache with -XX:ReservedCodeCacheSize=
#   JVM is running with Unscaled Compressed Oops mode in which the Java heap is
#     placed in the first 4GB address space. The Java Heap base address is the
#     maximum limit for the native heap growth. Please use -XX:HeapBaseMinAddress
#     to set the Java Heap base and to place the Java Heap above 4GB virtual address.
# This output file may be truncated or incomplete.
#
#  Out of Memory Error (allocation.cpp:44), pid=22816, tid=17500
#
# JRE version: OpenJDK Runtime Environment Temurin-21.0.9+10 (21.0.9+10) (build 21.0.9+10-LTS)
# Java VM: OpenJDK 64-Bit Server VM Temurin-21.0.9+10 (21.0.9+10-LTS, mixed mode, sharing, tiered, compressed oops, compressed class ptrs, parallel gc, windows-amd64)
# No core dump will be written. Minidumps are not enabled by default on client versions of Windows
#

---------------  S U M M A R Y ------------

Command Line: --add-modules=ALL-SYSTEM --add-opens=java.base/java.util=ALL-UNNAMED --add-opens=java.base/java.lang=ALL-UNNAMED --add-opens=java.base/sun.nio.fs=ALL-UNNAMED -Declipse.application=org.eclipse.jdt.ls.core.id1 -Dosgi.bundles.defaultStartLevel=4 -Declipse.product=org.eclipse.jdt.ls.core.product -Djava.import.generatesMetadataFilesAtProjectRoot=false -DDetectVMInstallationsJob.disabled=true -Dfile.encoding=utf8 -XX:+UseParallelGC -XX:GCTimeRatio=4 -XX:AdaptiveSizePolicyWeight=90 -Dsun.zip.disableMemoryMapping=true -Xmx2G -Xms100m -Xlog:disable -javaagent:c:\Users\client\.vscode\extensions\redhat.java-1.50.0-win32-x64\lombok\lombok-1.18.39-4050.jar -XX:+HeapDumpOnOutOfMemoryError -XX:HeapDumpPath=c:\Users\client\AppData\Roaming\Code\User\workspaceStorage\8c175d7f7aadb9759325466ef5580f48\redhat.java -Daether.dependencyCollector.impl=bf c:\Users\client\.vscode\extensions\redhat.java-1.50.0-win32-x64\server\plugins\org.eclipse.equinox.launcher_1.7.100.v20251111-0406.jar -configuration c:\Users\client\AppData\Roaming\Code\User\globalStorage\redhat.java\1.50.0\config_win -data c:\Users\client\AppData\Roaming\Code\User\workspaceStorage\8c175d7f7aadb9759325466ef5580f48\redhat.java\jdt_ws --pipe=\\.\pipe\lsp-0f7da70a1581c35b2ddbf16f093833ad-sock

Host: 12th Gen Intel(R) Core(TM) i5-12500H, 16 cores, 15G,  Windows 11 , 64 bit Build 22621 (10.0.22621.5415)
Time: Tue Dec 30 16:45:33 2025 Afr. centrale Ouest elapsed time: 96124.634904 seconds (1d 2h 42m 4s)

---------------  T H R E A D  ---------------

Current thread (0x0000022dee31a1d0):  JavaThread "Attach Listener" daemon [_thread_in_vm, id=17500, stack(0x00000042ac700000,0x00000042ac800000) (1024K)]

Stack: [0x00000042ac700000,0x00000042ac800000]
Native frames: (J=compiled Java code, j=interpreted, Vv=VM code, C=native code)
V  [jvm.dll+0x6d6e29]
V  [jvm.dll+0x8b4b76]
V  [jvm.dll+0x8b712e]
V  [jvm.dll+0x8b7813]
V  [jvm.dll+0x283d86]
V  [jvm.dll+0xc1277]
V  [jvm.dll+0x6d76d9]
V  [jvm.dll+0x133466]
V  [jvm.dll+0x3f7ea6]
V  [jvm.dll+0x85e9ad]
V  [jvm.dll+0x6d565d]
C  [ucrtbase.dll+0x29333]
C  [KERNEL32.DLL+0x1259d]
C  [ntdll.dll+0x5af78]


---------------  P R O C E S S  ---------------

Threads class SMR info:
_java_thread_list=0x0000022dd1ac4970, length=43, elements={
0x0000022debe12520, 0x0000022dee21c620, 0x0000022dee21dbc0, 0x0000022dee319580,
0x0000022dee31a1d0, 0x0000022dee31d8a0, 0x0000022dee323e20, 0x0000022dee329cd0,
0x0000022dee32d910, 0x0000022dee325860, 0x0000022dee3244b0, 0x0000022dee323790,
0x0000022dee3251d0, 0x0000022dee3223e0, 0x0000022dee322a70, 0x0000022dee323100,
0x0000022dfe0ee0b0, 0x0000022dfe0ec670, 0x0000022dfe0f0810, 0x0000022dfe0f0180,
0x0000022dfe0eda20, 0x0000022dfe0ee740, 0x0000022dfe0eedd0, 0x0000022dfe0efaf0,
0x0000022dfe0ed390, 0x0000022dfe0f1530, 0x0000022dfe0f1bc0, 0x0000022dfe0ecd00,
0x0000022dfe0f2250, 0x0000022dfe0f28e0, 0x0000022dfefb9490, 0x0000022dfefb5980,
0x0000022dfefba1b0, 0x0000022dfefb45d0, 0x0000022dfefb80e0, 0x0000022dfefb66a0,
0x0000022dfefb52f0, 0x0000022dfefb73c0, 0x0000022dfefb6010, 0x0000022dfefb4c60,
0x0000022dfefb8770, 0x0000022dd0ad7fb0, 0x0000022dd0ada710
}

Java Threads: ( => current thread )
  0x0000022debe12520 JavaThread "main"                              [_thread_blocked, id=12796, stack(0x00000042ac000000,0x00000042ac100000) (1024K)]
  0x0000022dee21c620 JavaThread "Reference Handler"          daemon [_thread_blocked, id=3824, stack(0x00000042ac400000,0x00000042ac500000) (1024K)]
  0x0000022dee21dbc0 JavaThread "Finalizer"                  daemon [_thread_blocked, id=25204, stack(0x00000042ac500000,0x00000042ac600000) (1024K)]
  0x0000022dee319580 JavaThread "Signal Dispatcher"          daemon [_thread_blocked, id=3304, stack(0x00000042ac600000,0x00000042ac700000) (1024K)]
=>0x0000022dee31a1d0 JavaThread "Attach Listener"            daemon [_thread_in_vm, id=17500, stack(0x00000042ac700000,0x00000042ac800000) (1024K)]
  0x0000022dee31d8a0 JavaThread "Service Thread"             daemon [_thread_blocked, id=3328, stack(0x00000042ac800000,0x00000042ac900000) (1024K)]
  0x0000022dee323e20 JavaThread "Monitor Deflation Thread"   daemon [_thread_blocked, id=3420, stack(0x00000042ac900000,0x00000042aca00000) (1024K)]
  0x0000022dee329cd0 JavaThread "C2 CompilerThread0"         daemon [_thread_blocked, id=18156, stack(0x00000042aca00000,0x00000042acb00000) (1024K)]
  0x0000022dee32d910 JavaThread "C1 CompilerThread0"         daemon [_thread_blocked, id=19364, stack(0x00000042acb00000,0x00000042acc00000) (1024K)]
  0x0000022dee325860 JavaThread "Common-Cleaner"             daemon [_thread_blocked, id=24936, stack(0x00000042ace00000,0x00000042acf00000) (1024K)]
  0x0000022dee3244b0 JavaThread "Notification Thread"        daemon [_thread_blocked, id=27720, stack(0x00000042ad000000,0x00000042ad100000) (1024K)]
  0x0000022dee323790 JavaThread "Active Thread: Equinox Container: 3438e4dc-1e56-4f17-b293-328143a35606"        [_thread_blocked, id=10624, stack(0x00000042ada00000,0x00000042adb00000) (1024K)]
  0x0000022dee3251d0 JavaThread "Refresh Thread: Equinox Container: 3438e4dc-1e56-4f17-b293-328143a35606" daemon [_thread_blocked, id=4052, stack(0x00000042ad900000,0x00000042ada00000) (1024K)]
  0x0000022dee3223e0 JavaThread "Framework Event Dispatcher: Equinox Container: 3438e4dc-1e56-4f17-b293-328143a35606" daemon [_thread_blocked, id=23116, stack(0x00000042adb00000,0x00000042adc00000) (1024K)]
  0x0000022dee322a70 JavaThread "Start Level: Equinox Container: 3438e4dc-1e56-4f17-b293-328143a35606" daemon [_thread_blocked, id=28356, stack(0x00000042adc00000,0x00000042add00000) (1024K)]
  0x0000022dee323100 JavaThread "Bundle File Closer"         daemon [_thread_blocked, id=2948, stack(0x00000042ae000000,0x00000042ae100000) (1024K)]
  0x0000022dfe0ee0b0 JavaThread "SCR Component Actor"        daemon [_thread_blocked, id=22692, stack(0x00000042ae100000,0x00000042ae200000) (1024K)]
  0x0000022dfe0ec670 JavaThread "Worker-JM"                         [_thread_blocked, id=18912, stack(0x00000042ae200000,0x00000042ae300000) (1024K)]
  0x0000022dfe0f0810 JavaThread "JNA Cleaner"                daemon [_thread_blocked, id=4500, stack(0x00000042ae500000,0x00000042ae600000) (1024K)]
  0x0000022dfe0f0180 JavaThread "Worker-1"                          [_thread_blocked, id=1128, stack(0x00000042ae700000,0x00000042ae800000) (1024K)]
  0x0000022dfe0eda20 JavaThread "Java indexing"              daemon [_thread_blocked, id=5528, stack(0x00000042ae900000,0x00000042aea00000) (1024K)]
  0x0000022dfe0ee740 JavaThread "Thread-1"                   daemon [_thread_in_native, id=29616, stack(0x00000042af000000,0x00000042af100000) (1024K)]
  0x0000022dfe0eedd0 JavaThread "Thread-2"                   daemon [_thread_in_native, id=29432, stack(0x00000042af100000,0x00000042af200000) (1024K)]
  0x0000022dfe0efaf0 JavaThread "Thread-3"                   daemon [_thread_in_native, id=29440, stack(0x00000042af200000,0x00000042af300000) (1024K)]
  0x0000022dfe0ed390 JavaThread "Thread-4"                   daemon [_thread_in_native, id=7348, stack(0x00000042af300000,0x00000042af400000) (1024K)]
  0x0000022dfe0f1530 JavaThread "Thread-5"                   daemon [_thread_in_native, id=2220, stack(0x00000042af400000,0x00000042af500000) (1024K)]
  0x0000022dfe0f1bc0 JavaThread "Thread-6"                   daemon [_thread_in_native, id=22896, stack(0x00000042af500000,0x00000042af600000) (1024K)]
  0x0000022dfe0ecd00 JavaThread "Thread-7"                   daemon [_thread_in_native, id=1396, stack(0x00000042af600000,0x00000042af700000) (1024K)]
  0x0000022dfe0f2250 JavaThread "Thread-8"                   daemon [_thread_in_native, id=11168, stack(0x00000042af700000,0x00000042af800000) (1024K)]
  0x0000022dfe0f28e0 JavaThread "Thread-9"                   daemon [_thread_in_native, id=29420, stack(0x00000042af800000,0x00000042af900000) (1024K)]
  0x0000022dfefb9490 JavaThread "Thread-10"                  daemon [_thread_in_native, id=22824, stack(0x00000042af900000,0x00000042afa00000) (1024K)]
  0x0000022dfefb5980 JavaThread "Thread-11"                  daemon [_thread_in_native, id=29636, stack(0x00000042afa00000,0x00000042afb00000) (1024K)]
  0x0000022dfefba1b0 JavaThread "Thread-12"                  daemon [_thread_in_native, id=6444, stack(0x00000042afb00000,0x00000042afc00000) (1024K)]
  0x0000022dfefb45d0 JavaThread "Thread-13"                  daemon [_thread_in_native, id=28240, stack(0x00000042afc00000,0x00000042afd00000) (1024K)]
  0x0000022dfefb80e0 JavaThread "Thread-14"                  daemon [_thread_in_native, id=3084, stack(0x00000042afd00000,0x00000042afe00000) (1024K)]
  0x0000022dfefb66a0 JavaThread "Thread-15"                  daemon [_thread_in_native, id=4700, stack(0x00000042afe00000,0x00000042aff00000) (1024K)]
  0x0000022dfefb52f0 JavaThread "Thread-16"                  daemon [_thread_in_native, id=19792, stack(0x00000042aff00000,0x00000042b0000000) (1024K)]
  0x0000022dfefb73c0 JavaThread "Thread-17"                  daemon [_thread_in_native, id=2196, stack(0x00000042b0000000,0x00000042b0100000) (1024K)]
  0x0000022dfefb6010 JavaThread "pool-2-thread-1"                   [_thread_blocked, id=28044, stack(0x00000042b0100000,0x00000042b0200000) (1024K)]
  0x0000022dfefb4c60 JavaThread "WorkspaceEventsHandler"            [_thread_blocked, id=2972, stack(0x00000042b0400000,0x00000042b0500000) (1024K)]
  0x0000022dfefb8770 JavaThread "pool-1-thread-1"                   [_thread_blocked, id=23052, stack(0x00000042b0500000,0x00000042b0600000) (1024K)]
  0x0000022dd0ad7fb0 JavaThread "Cleaner-0"                  daemon [_thread_blocked, id=29856, stack(0x00000042ae400000,0x00000042ae500000) (1024K)]
  0x0000022dd0ada710 JavaThread "Worker-8"                          [_thread_blocked, id=28656, stack(0x00000042acc00000,0x00000042acd00000) (1024K)]
Total: 43

Other Threads:
  0x0000022df6dd5110 VMThread "VM Thread"                           [id=17744, stack(0x00000042ac300000,0x00000042ac400000) (1024K)]
  0x0000022dee0fca00 WatcherThread "VM Periodic Task Thread"        [id=22232, stack(0x00000042ac200000,0x00000042ac300000) (1024K)]
  0x0000022dee2b4e80 WorkerThread "GC Thread#0"                     [id=18056, stack(0x00000042ac100000,0x00000042ac200000) (1024K)]
  0x0000022dfd2a4b40 WorkerThread "GC Thread#1"                     [id=17940, stack(0x00000042ad200000,0x00000042ad300000) (1024K)]
  0x0000022dfd1f6fc0 WorkerThread "GC Thread#2"                     [id=7128, stack(0x00000042ad300000,0x00000042ad400000) (1024K)]
  0x0000022dfd1f7360 WorkerThread "GC Thread#3"                     [id=17960, stack(0x00000042ad400000,0x00000042ad500000) (1024K)]
  0x0000022dfd113100 WorkerThread "GC Thread#4"                     [id=16576, stack(0x00000042ad500000,0x00000042ad600000) (1024K)]
  0x0000022dfd1134a0 WorkerThread "GC Thread#5"                     [id=18140, stack(0x00000042ad600000,0x00000042ad700000) (1024K)]
  0x0000022dfd113840 WorkerThread "GC Thread#6"                     [id=17240, stack(0x00000042ad700000,0x00000042ad800000) (1024K)]
  0x0000022dfda2ed00 WorkerThread "GC Thread#7"                     [id=24736, stack(0x00000042ad800000,0x00000042ad900000) (1024K)]
  0x0000022dfdec56a0 WorkerThread "GC Thread#8"                     [id=2952, stack(0x00000042add00000,0x00000042ade00000) (1024K)]
  0x0000022dfdb965f0 WorkerThread "GC Thread#9"                     [id=13504, stack(0x00000042ade00000,0x00000042adf00000) (1024K)]
  0x0000022dfdb96d30 WorkerThread "GC Thread#10"                    [id=13464, stack(0x00000042adf00000,0x00000042ae000000) (1024K)]
  0x0000022dfdb97f50 WorkerThread "GC Thread#11"                    [id=17552, stack(0x00000042ad100000,0x00000042ad200000) (1024K)]
  0x0000022dfdb97bb0 WorkerThread "GC Thread#12"                    [id=18888, stack(0x00000042ae300000,0x00000042ae400000) (1024K)]
Total: 15

Threads with active compile tasks:
Total: 0

VM state: not at safepoint (normal execution)

VM Mutex/Monitor currently owned by a thread: None

Heap address: 0x0000000080000000, size: 2048 MB, Compressed Oops mode: 32-bit

CDS archive(s) mapped at: [0x0000022d8f000000-0x0000022d8fba0000-0x0000022d8fba0000), size 12189696, SharedBaseAddress: 0x0000022d8f000000, ArchiveRelocationMode: 1.
Compressed class space mapped at: 0x0000022d90000000-0x0000022dd0000000, reserved size: 1073741824
Narrow klass base: 0x0000022d8f000000, Narrow klass shift: 0, Narrow klass range: 0x100000000

GC Precious Log:
 CardTable entry size: 512
 CPUs: 16 total, 16 available
 Memory: 16068M
 Large Page Support: Disabled
 NUMA Support: Disabled
 Compressed Oops: Enabled (32-bit)
 Alignments: Space 512K, Generation 512K, Heap 2M
 Heap Min Capacity: 100M
 Heap Initial Capacity: 100M
 Heap Max Capacity: 2G
 Pre-touch: Disabled
 Parallel Workers: 13

Heap:
 PSYoungGen      total 5632K, used 2286K [0x00000000d5580000, 0x00000000d5c80000, 0x0000000100000000)
  eden space 4608K, 38% used [0x00000000d5580000,0x00000000d573ba90,0x00000000d5a00000)
  from space 1024K, 50% used [0x00000000d5a00000,0x00000000d5a80000,0x00000000d5b00000)
  to   space 1024K, 0% used [0x00000000d5b80000,0x00000000d5b80000,0x00000000d5c80000)
 ParOldGen       total 220672K, used 197474K [0x0000000080000000, 0x000000008d780000, 0x00000000d5580000)
  object space 220672K, 89% used [0x0000000080000000,0x000000008c0d8bb0,0x000000008d780000)
 Metaspace       used 81363K, committed 82944K, reserved 1179648K
  class space    used 8407K, committed 9088K, reserved 1048576K

Card table byte_map: [0x0000022dedc10000,0x0000022dee020000] _byte_map_base: 0x0000022ded810000

Marking Bits: (ParMarkBitMap*) 0x00007ffa43302460
 Begin Bits: [0x0000022df1720000, 0x0000022df3720000)
 End Bits:   [0x0000022df3720000, 0x0000022df5720000)

Polling page: 0x0000022dec0b0000

Metaspace:

Usage:
  Non-class:     71.25 MB used.
      Class:      8.21 MB used.
       Both:     79.46 MB used.

Virtual space:
  Non-class space:      128.00 MB reserved,      72.12 MB ( 56%) committed,  2 nodes.
      Class space:        1.00 GB reserved,       8.88 MB ( <1%) committed,  1 nodes.
             Both:        1.12 GB reserved,      81.00 MB (  7%) committed. 

Chunk freelists:
   Non-Class:  7.83 MB
       Class:  7.08 MB
        Both:  14.91 MB

MaxMetaspaceSize: unlimited
CompressedClassSpaceSize: 1.00 GB
Initial GC threshold: 21.00 MB
Current GC threshold: 131.38 MB
CDS: on
 - commit_granule_bytes: 65536.
 - commit_granule_words: 8192.
 - virtual_space_node_default_size: 8388608.
 - enlarge_chunks_in_place: 1.
 - use_allocation_guard: 0.


Internal statistics:

num_allocs_failed_limit: 9.
num_arena_births: 1500.
num_arena_deaths: 16.
num_vsnodes_births: 3.
num_vsnodes_deaths: 0.
num_space_committed: 1295.
num_space_uncommitted: 0.
num_chunks_returned_to_freelist: 26.
num_chunks_taken_from_freelist: 5386.
num_chunk_merges: 11.
num_chunk_splits: 3330.
num_chunks_enlarged: 1858.
num_inconsistent_stats: 0.

CodeHeap 'non-profiled nmethods': size=119168Kb used=14355Kb max_used=14355Kb free=104812Kb
 bounds [0x0000022d87ba0000, 0x0000022d889b0000, 0x0000022d8f000000]
CodeHeap 'profiled nmethods': size=119104Kb used=40223Kb max_used=40223Kb free=78880Kb
 bounds [0x0000022d80000000, 0x0000022d82750000, 0x0000022d87450000]
CodeHeap 'non-nmethods': size=7488Kb used=1494Kb max_used=3246Kb free=5993Kb
 bounds [0x0000022d87450000, 0x0000022d877a0000, 0x0000022d87ba0000]
CodeCache: size=245760Kb, used=56072Kb, max_used=57824Kb, free=189685Kb
 total_blobs=17010, nmethods=16194, adapters=721, full_count=0
Compilation: enabled, stopped_count=0, restarted_count=0

Compilation events (20 events):
Event: 92605.649 Thread 0x0000022dee329cd0 17939       4       java.util.concurrent.ThreadPoolExecutor$Worker::lock (6 bytes)
Event: 92605.657 Thread 0x0000022dee329cd0 nmethod 17939 0x0000022d8899cf10 code [0x0000022d8899d0a0, 0x0000022d8899d180]
Event: 92715.735 Thread 0x0000022dee329cd0 17940   !   4       java.util.concurrent.ThreadPoolExecutor::getTask (177 bytes)
Event: 92716.083 Thread 0x0000022dee329cd0 nmethod 17940 0x0000022d8899d290 code [0x0000022d8899d780, 0x0000022d8899f998]
Event: 92955.059 Thread 0x0000022dee329cd0 17941       4       jdk.internal.misc.InnocuousThread::eraseThreadLocals (23 bytes)
Event: 92955.061 Thread 0x0000022dee329cd0 nmethod 17941 0x0000022d889a1810 code [0x0000022d889a19a0, 0x0000022d889a1a30]
Event: 93038.765 Thread 0x0000022dee329cd0 17942       4       java.util.concurrent.Executors$RunnableAdapter::call (14 bytes)
Event: 93038.771 Thread 0x0000022dee329cd0 nmethod 17942 0x0000022d889a1b10 code [0x0000022d889a1ca0, 0x0000022d889a1d60]
Event: 93371.402 Thread 0x0000022dee32d910 17943   !   3       org.eclipse.core.internal.jobs.JobManager::monitorFor (89 bytes)
Event: 93371.432 Thread 0x0000022dee32d910 nmethod 17943 0x0000022d82746190 code [0x0000022d82746460, 0x0000022d827471b0]
Event: 94797.387 Thread 0x0000022dee329cd0 17944       4       java.util.concurrent.ScheduledThreadPoolExecutor::triggerTime (22 bytes)
Event: 94797.395 Thread 0x0000022dee329cd0 nmethod 17944 0x0000022d889a1e10 code [0x0000022d889a1fa0, 0x0000022d889a2090]
Event: 94797.395 Thread 0x0000022dee329cd0 17945       4       java.util.concurrent.ScheduledThreadPoolExecutor$DelayedWorkQueue::add (9 bytes)
Event: 94797.464 Thread 0x0000022dee329cd0 nmethod 17945 0x0000022d889a2110 code [0x0000022d889a2340, 0x0000022d889a28c8]
Event: 94809.332 Thread 0x0000022dee329cd0 17946       4       java.util.concurrent.ScheduledThreadPoolExecutor$ScheduledFutureTask::run (57 bytes)
Event: 94809.907 Thread 0x0000022dee329cd0 nmethod 17946 0x0000022d889a2e90 code [0x0000022d889a3140, 0x0000022d889a3c80]
Event: 94809.907 Thread 0x0000022dee329cd0 17947   !   4       java.util.concurrent.FutureTask::runAndReset (125 bytes)
Event: 94809.979 Thread 0x0000022dee329cd0 nmethod 17947 0x0000022d889a4890 code [0x0000022d889a4a60, 0x0000022d889a4cf0]
Event: 95171.457 Thread 0x0000022dee32d910 17948       3       java.math.BigInteger::toByteArray (78 bytes)
Event: 95171.463 Thread 0x0000022dee32d910 nmethod 17948 0x0000022d82747810 code [0x0000022d827479e0, 0x0000022d82747d98]

GC Heap History (20 events):
Event: 1335.190 GC heap before
{Heap before GC invocations=180 (full 4):
 PSYoungGen      total 3072K, used 2976K [0x00000000d5580000, 0x00000000d5d00000, 0x0000000100000000)
  eden space 2560K, 100% used [0x00000000d5580000,0x00000000d5800000,0x00000000d5800000)
  from space 512K, 81% used [0x00000000d5c00000,0x00000000d5c68000,0x00000000d5c80000)
  to   space 512K, 0% used [0x00000000d5c80000,0x00000000d5c80000,0x00000000d5d00000)
 ParOldGen       total 220672K, used 185778K [0x0000000080000000, 0x000000008d780000, 0x00000000d5580000)
  object space 220672K, 84% used [0x0000000080000000,0x000000008b56c8a0,0x000000008d780000)
 Metaspace       used 81256K, committed 82880K, reserved 1179648K
  class space    used 8407K, committed 9088K, reserved 1048576K
}
Event: 1335.192 GC heap after
{Heap after GC invocations=180 (full 4):
 PSYoungGen      total 3584K, used 500K [0x00000000d5580000, 0x00000000d5d00000, 0x0000000100000000)
  eden space 3072K, 0% used [0x00000000d5580000,0x00000000d5580000,0x00000000d5880000)
  from space 512K, 97% used [0x00000000d5c80000,0x00000000d5cfd220,0x00000000d5d00000)
  to   space 1024K, 0% used [0x00000000d5b00000,0x00000000d5b00000,0x00000000d5c00000)
 ParOldGen       total 220672K, used 186090K [0x0000000080000000, 0x000000008d780000, 0x00000000d5580000)
  object space 220672K, 84% used [0x0000000080000000,0x000000008b5ba8d0,0x000000008d780000)
 Metaspace       used 81256K, committed 82880K, reserved 1179648K
  class space    used 8407K, committed 9088K, reserved 1048576K
}
Event: 1335.197 GC heap before
{Heap before GC invocations=181 (full 4):
 PSYoungGen      total 3584K, used 3572K [0x00000000d5580000, 0x00000000d5d00000, 0x0000000100000000)
  eden space 3072K, 100% used [0x00000000d5580000,0x00000000d5880000,0x00000000d5880000)
  from space 512K, 97% used [0x00000000d5c80000,0x00000000d5cfd220,0x00000000d5d00000)
  to   space 1024K, 0% used [0x00000000d5b00000,0x00000000d5b00000,0x00000000d5c00000)
 ParOldGen       total 220672K, used 186090K [0x0000000080000000, 0x000000008d780000, 0x00000000d5580000)
  object space 220672K, 84% used [0x0000000080000000,0x000000008b5ba8d0,0x000000008d780000)
 Metaspace       used 81260K, committed 82880K, reserved 1179648K
  class space    used 8407K, committed 9088K, reserved 1048576K
}
Event: 1335.200 GC heap after
{Heap after GC invocations=181 (full 4):
 PSYoungGen      total 5120K, used 544K [0x00000000d5580000, 0x00000000d5d00000, 0x0000000100000000)
  eden space 4096K, 0% used [0x00000000d5580000,0x00000000d5580000,0x00000000d5980000)
  from space 1024K, 53% used [0x00000000d5b00000,0x00000000d5b88000,0x00000000d5c00000)
  to   space 1024K, 0% used [0x00000000d5c00000,0x00000000d5c00000,0x00000000d5d00000)
 ParOldGen       total 220672K, used 186598K [0x0000000080000000, 0x000000008d780000, 0x00000000d5580000)
  object space 220672K, 84% used [0x0000000080000000,0x000000008b639af0,0x000000008d780000)
 Metaspace       used 81260K, committed 82880K, reserved 1179648K
  class space    used 8407K, committed 9088K, reserved 1048576K
}
Event: 1335.212 GC heap before
{Heap before GC invocations=182 (full 4):
 PSYoungGen      total 5120K, used 4640K [0x00000000d5580000, 0x00000000d5d00000, 0x0000000100000000)
  eden space 4096K, 100% used [0x00000000d5580000,0x00000000d5980000,0x00000000d5980000)
  from space 1024K, 53% used [0x00000000d5b00000,0x00000000d5b88000,0x00000000d5c00000)
  to   space 1024K, 0% used [0x00000000d5c00000,0x00000000d5c00000,0x00000000d5d00000)
 ParOldGen       total 220672K, used 186598K [0x0000000080000000, 0x000000008d780000, 0x00000000d5580000)
  object space 220672K, 84% used [0x0000000080000000,0x000000008b639af0,0x000000008d780000)
 Metaspace       used 81262K, committed 82880K, reserved 1179648K
  class space    used 8407K, committed 9088K, reserved 1048576K
}
Event: 1335.214 GC heap after
{Heap after GC invocations=182 (full 4):
 PSYoungGen      total 6144K, used 970K [0x00000000d5580000, 0x00000000d5d80000, 0x0000000100000000)
  eden space 5120K, 0% used [0x00000000d5580000,0x00000000d5580000,0x00000000d5a80000)
  from space 1024K, 94% used [0x00000000d5c00000,0x00000000d5cf2910,0x00000000d5d00000)
  to   space 1536K, 0% used [0x00000000d5a80000,0x00000000d5a80000,0x00000000d5c00000)
 ParOldGen       total 220672K, used 186942K [0x0000000080000000, 0x000000008d780000, 0x00000000d5580000)
  object space 220672K, 84% used [0x0000000080000000,0x000000008b68faf0,0x000000008d780000)
 Metaspace       used 81262K, committed 82880K, reserved 1179648K
  class space    used 8407K, committed 9088K, reserved 1048576K
}
Event: 1335.220 GC heap before
{Heap before GC invocations=183 (full 4):
 PSYoungGen      total 6144K, used 6090K [0x00000000d5580000, 0x00000000d5d80000, 0x0000000100000000)
  eden space 5120K, 100% used [0x00000000d5580000,0x00000000d5a80000,0x00000000d5a80000)
  from space 1024K, 94% used [0x00000000d5c00000,0x00000000d5cf2910,0x00000000d5d00000)
  to   space 1536K, 0% used [0x00000000d5a80000,0x00000000d5a80000,0x00000000d5c00000)
 ParOldGen       total 220672K, used 186942K [0x0000000080000000, 0x000000008d780000, 0x00000000d5580000)
  object space 220672K, 84% used [0x0000000080000000,0x000000008b68faf0,0x000000008d780000)
 Metaspace       used 81265K, committed 82880K, reserved 1179648K
  class space    used 8407K, committed 9088K, reserved 1048576K
}
Event: 1335.224 GC heap after
{Heap after GC invocations=183 (full 4):
 PSYoungGen      total 6656K, used 512K [0x00000000d5580000, 0x00000000d5d80000, 0x0000000100000000)
  eden space 5120K, 0% used [0x00000000d5580000,0x00000000d5580000,0x00000000d5a80000)
  from space 1536K, 33% used [0x00000000d5a80000,0x00000000d5b00000,0x00000000d5c00000)
  to   space 1024K, 0% used [0x00000000d5c80000,0x00000000d5c80000,0x00000000d5d80000)
 ParOldGen       total 220672K, used 187747K [0x0000000080000000, 0x000000008d780000, 0x00000000d5580000)
  object space 220672K, 85% used [0x0000000080000000,0x000000008b758d20,0x000000008d780000)
 Metaspace       used 81265K, committed 82880K, reserved 1179648K
  class space    used 8407K, committed 9088K, reserved 1048576K
}
Event: 1336.399 GC heap before
{Heap before GC invocations=184 (full 4):
 PSYoungGen      total 6656K, used 5632K [0x00000000d5580000, 0x00000000d5d80000, 0x0000000100000000)
  eden space 5120K, 100% used [0x00000000d5580000,0x00000000d5a80000,0x00000000d5a80000)
  from space 1536K, 33% used [0x00000000d5a80000,0x00000000d5b00000,0x00000000d5c00000)
  to   space 1024K, 0% used [0x00000000d5c80000,0x00000000d5c80000,0x00000000d5d80000)
 ParOldGen       total 220672K, used 187747K [0x0000000080000000, 0x000000008d780000, 0x00000000d5580000)
  object space 220672K, 85% used [0x0000000080000000,0x000000008b758d20,0x000000008d780000)
 Metaspace       used 81272K, committed 82880K, reserved 1179648K
  class space    used 8407K, committed 9088K, reserved 1048576K
}
Event: 1336.412 GC heap after
{Heap after GC invocations=184 (full 4):
 PSYoungGen      total 3584K, used 1022K [0x00000000d5580000, 0x00000000d6480000, 0x0000000100000000)
  eden space 2560K, 0% used [0x00000000d5580000,0x00000000d5580000,0x00000000d5800000)
  from space 1024K, 99% used [0x00000000d5c80000,0x00000000d5d7f9c0,0x00000000d5d80000)
  to   space 4608K, 0% used [0x00000000d5800000,0x00000000d5800000,0x00000000d5c80000)
 ParOldGen       total 220672K, used 190403K [0x0000000080000000, 0x000000008d780000, 0x00000000d5580000)
  object space 220672K, 86% used [0x0000000080000000,0x000000008b9f0d40,0x000000008d780000)
 Metaspace       used 81272K, committed 82880K, reserved 1179648K
  class space    used 8407K, committed 9088K, reserved 1048576K
}
Event: 1336.416 GC heap before
{Heap before GC invocations=185 (full 4):
 PSYoungGen      total 3584K, used 3582K [0x00000000d5580000, 0x00000000d6480000, 0x0000000100000000)
  eden space 2560K, 100% used [0x00000000d5580000,0x00000000d5800000,0x00000000d5800000)
  from space 1024K, 99% used [0x00000000d5c80000,0x00000000d5d7f9c0,0x00000000d5d80000)
  to   space 4608K, 0% used [0x00000000d5800000,0x00000000d5800000,0x00000000d5c80000)
 ParOldGen       total 220672K, used 190403K [0x0000000080000000, 0x000000008d780000, 0x00000000d5580000)
  object space 220672K, 86% used [0x0000000080000000,0x000000008b9f0d40,0x000000008d780000)
 Metaspace       used 81272K, committed 82880K, reserved 1179648K
  class space    used 8407K, committed 9088K, reserved 1048576K
}
Event: 1336.419 GC heap after
{Heap after GC invocations=185 (full 4):
 PSYoungGen      total 5632K, used 2752K [0x00000000d5580000, 0x00000000d5e80000, 0x0000000100000000)
  eden space 2560K, 0% used [0x00000000d5580000,0x00000000d5580000,0x00000000d5800000)
  from space 3072K, 89% used [0x00000000d5800000,0x00000000d5ab0000,0x00000000d5b00000)
  to   space 3072K, 0% used [0x00000000d5b80000,0x00000000d5b80000,0x00000000d5e80000)
 ParOldGen       total 220672K, used 191473K [0x0000000080000000, 0x000000008d780000, 0x00000000d5580000)
  object space 220672K, 86% used [0x0000000080000000,0x000000008bafc700,0x000000008d780000)
 Metaspace       used 81272K, committed 82880K, reserved 1179648K
  class space    used 8407K, committed 9088K, reserved 1048576K
}
Event: 1336.422 GC heap before
{Heap before GC invocations=186 (full 4):
 PSYoungGen      total 5632K, used 5312K [0x00000000d5580000, 0x00000000d5e80000, 0x0000000100000000)
  eden space 2560K, 100% used [0x00000000d5580000,0x00000000d5800000,0x00000000d5800000)
  from space 3072K, 89% used [0x00000000d5800000,0x00000000d5ab0000,0x00000000d5b00000)
  to   space 3072K, 0% used [0x00000000d5b80000,0x00000000d5b80000,0x00000000d5e80000)
 ParOldGen       total 220672K, used 191473K [0x0000000080000000, 0x000000008d780000, 0x00000000d5580000)
  object space 220672K, 86% used [0x0000000080000000,0x000000008bafc700,0x000000008d780000)
 Metaspace       used 81272K, committed 82880K, reserved 1179648K
  class space    used 8407K, committed 9088K, reserved 1048576K
}
Event: 1336.429 GC heap after
{Heap after GC invocations=186 (full 4):
 PSYoungGen      total 6144K, used 2752K [0x00000000d5580000, 0x00000000d5e80000, 0x0000000100000000)
  eden space 3072K, 0% used [0x00000000d5580000,0x00000000d5580000,0x00000000d5880000)
  from space 3072K, 89% used [0x00000000d5b80000,0x00000000d5e30000,0x00000000d5e80000)
  to   space 3072K, 0% used [0x00000000d5880000,0x00000000d5880000,0x00000000d5b80000)
 ParOldGen       total 220672K, used 194097K [0x0000000080000000, 0x000000008d780000, 0x00000000d5580000)
  object space 220672K, 87% used [0x0000000080000000,0x000000008bd8c700,0x000000008d780000)
 Metaspace       used 81272K, committed 82880K, reserved 1179648K
  class space    used 8407K, committed 9088K, reserved 1048576K
}
Event: 1336.434 GC heap before
{Heap before GC invocations=187 (full 4):
 PSYoungGen      total 6144K, used 5824K [0x00000000d5580000, 0x00000000d5e80000, 0x0000000100000000)
  eden space 3072K, 100% used [0x00000000d5580000,0x00000000d5880000,0x00000000d5880000)
  from space 3072K, 89% used [0x00000000d5b80000,0x00000000d5e30000,0x00000000d5e80000)
  to   space 3072K, 0% used [0x00000000d5880000,0x00000000d5880000,0x00000000d5b80000)
 ParOldGen       total 220672K, used 194097K [0x0000000080000000, 0x000000008d780000, 0x00000000d5580000)
  object space 220672K, 87% used [0x0000000080000000,0x000000008bd8c700,0x000000008d780000)
 Metaspace       used 81273K, committed 82880K, reserved 1179648K
  class space    used 8407K, committed 9088K, reserved 1048576K
}
Event: 1336.441 GC heap after
{Heap after GC invocations=187 (full 4):
 PSYoungGen      total 4096K, used 794K [0x00000000d5580000, 0x00000000d5c80000, 0x0000000100000000)
  eden space 3072K, 0% used [0x00000000d5580000,0x00000000d5580000,0x00000000d5880000)
  from space 1024K, 77% used [0x00000000d5880000,0x00000000d5946900,0x00000000d5980000)
  to   space 1536K, 0% used [0x00000000d5b00000,0x00000000d5b00000,0x00000000d5c80000)
 ParOldGen       total 220672K, used 196705K [0x0000000080000000, 0x000000008d780000, 0x00000000d5580000)
  object space 220672K, 89% used [0x0000000080000000,0x000000008c018700,0x000000008d780000)
 Metaspace       used 81273K, committed 82880K, reserved 1179648K
  class space    used 8407K, committed 9088K, reserved 1048576K
}
Event: 1336.449 GC heap before
{Heap before GC invocations=188 (full 4):
 PSYoungGen      total 4096K, used 3866K [0x00000000d5580000, 0x00000000d5c80000, 0x0000000100000000)
  eden space 3072K, 100% used [0x00000000d5580000,0x00000000d5880000,0x00000000d5880000)
  from space 1024K, 77% used [0x00000000d5880000,0x00000000d5946900,0x00000000d5980000)
  to   space 1536K, 0% used [0x00000000d5b00000,0x00000000d5b00000,0x00000000d5c80000)
 ParOldGen       total 220672K, used 196705K [0x0000000080000000, 0x000000008d780000, 0x00000000d5580000)
  object space 220672K, 89% used [0x0000000080000000,0x000000008c018700,0x000000008d780000)
 Metaspace       used 81273K, committed 82880K, reserved 1179648K
  class space    used 8407K, committed 9088K, reserved 1048576K
}
Event: 1336.453 GC heap after
{Heap after GC invocations=188 (full 4):
 PSYoungGen      total 5120K, used 544K [0x00000000d5580000, 0x00000000d5c00000, 0x0000000100000000)
  eden space 4096K, 0% used [0x00000000d5580000,0x00000000d5580000,0x00000000d5980000)
  from space 1024K, 53% used [0x00000000d5b00000,0x00000000d5b88000,0x00000000d5c00000)
  to   space 1024K, 0% used [0x00000000d5a00000,0x00000000d5a00000,0x00000000d5b00000)
 ParOldGen       total 220672K, used 197218K [0x0000000080000000, 0x000000008d780000, 0x00000000d5580000)
  object space 220672K, 89% used [0x0000000080000000,0x000000008c098b90,0x000000008d780000)
 Metaspace       used 81273K, committed 82880K, reserved 1179648K
  class space    used 8407K, committed 9088K, reserved 1048576K
}
Event: 66876.657 GC heap before
{Heap before GC invocations=189 (full 4):
 PSYoungGen      total 5120K, used 4639K [0x00000000d5580000, 0x00000000d5c00000, 0x0000000100000000)
  eden space 4096K, 99% used [0x00000000d5580000,0x00000000d597fff0,0x00000000d5980000)
  from space 1024K, 53% used [0x00000000d5b00000,0x00000000d5b88000,0x00000000d5c00000)
  to   space 1024K, 0% used [0x00000000d5a00000,0x00000000d5a00000,0x00000000d5b00000)
 ParOldGen       total 220672K, used 197218K [0x0000000080000000, 0x000000008d780000, 0x00000000d5580000)
  object space 220672K, 89% used [0x0000000080000000,0x000000008c098b90,0x000000008d780000)
 Metaspace       used 81344K, committed 82944K, reserved 1179648K
  class space    used 8407K, committed 9088K, reserved 1048576K
}
Event: 66876.733 GC heap after
{Heap after GC invocations=189 (full 4):
 PSYoungGen      total 5632K, used 512K [0x00000000d5580000, 0x00000000d5c80000, 0x0000000100000000)
  eden space 4608K, 0% used [0x00000000d5580000,0x00000000d5580000,0x00000000d5a00000)
  from space 1024K, 50% used [0x00000000d5a00000,0x00000000d5a80000,0x00000000d5b00000)
  to   space 1024K, 0% used [0x00000000d5b80000,0x00000000d5b80000,0x00000000d5c80000)
 ParOldGen       total 220672K, used 197474K [0x0000000080000000, 0x000000008d780000, 0x00000000d5580000)
  object space 220672K, 89% used [0x0000000080000000,0x000000008c0d8bb0,0x000000008d780000)
 Metaspace       used 81344K, committed 82944K, reserved 1179648K
  class space    used 8407K, committed 9088K, reserved 1048576K
}

Dll operation events (10 events):
Event: 0.010 Loaded shared library c:\Users\client\.vscode\extensions\redhat.java-1.50.0-win32-x64\jre\21.0.9-win32-x86_64\bin\java.dll
Event: 0.066 Loaded shared library c:\Users\client\.vscode\extensions\redhat.java-1.50.0-win32-x64\jre\21.0.9-win32-x86_64\bin\zip.dll
Event: 0.085 Loaded shared library C:\Users\client\.vscode\extensions\redhat.java-1.50.0-win32-x64\jre\21.0.9-win32-x86_64\bin\instrument.dll
Event: 0.090 Loaded shared library C:\Users\client\.vscode\extensions\redhat.java-1.50.0-win32-x64\jre\21.0.9-win32-x86_64\bin\net.dll
Event: 0.092 Loaded shared library C:\Users\client\.vscode\extensions\redhat.java-1.50.0-win32-x64\jre\21.0.9-win32-x86_64\bin\nio.dll
Event: 0.095 Loaded shared library C:\Users\client\.vscode\extensions\redhat.java-1.50.0-win32-x64\jre\21.0.9-win32-x86_64\bin\zip.dll
Event: 0.111 Loaded shared library C:\Users\client\.vscode\extensions\redhat.java-1.50.0-win32-x64\jre\21.0.9-win32-x86_64\bin\jimage.dll
Event: 0.179 Loaded shared library c:\Users\client\.vscode\extensions\redhat.java-1.50.0-win32-x64\jre\21.0.9-win32-x86_64\bin\verify.dll
Event: 1.184 Loaded shared library C:\Users\client\AppData\Roaming\Code\User\globalStorage\redhat.java\1.50.0\config_win\org.eclipse.equinox.launcher\org.eclipse.equinox.launcher.win32.win32.x86_64_1.2.1400.v20250801-0854\eclipse_11916.dll
Event: 2.781 Loaded shared library C:\Users\client\AppData\Local\Temp\jna--1357712437\jna5856636563844542296.dll

Deoptimization events (20 events):
Event: 1336.442 Thread 0x0000022dd0ade8b0 Uncommon trap: trap_request=0xffffffbe fr.pc=0x0000022d8893ac68 relative=0x0000000000001568
Event: 1336.442 Thread 0x0000022dd0ade8b0 Uncommon trap: reason=profile_predicate action=maybe_recompile pc=0x0000022d8893ac68 method=org.eclipse.jdt.internal.compiler.parser.Scanner.jumpOverMethodBody()V @ 881 c2
Event: 1336.442 Thread 0x0000022dd0ade8b0 DEOPT PACKING pc=0x0000022d8893ac68 sp=0x00000042aecfd1b0
Event: 1336.442 Thread 0x0000022dd0ade8b0 DEOPT UNPACKING pc=0x0000022d874a3aa2 sp=0x00000042aecfd130 mode 2
Event: 1336.449 Thread 0x0000022dd0ade8b0 Uncommon trap: trap_request=0xffffff6e fr.pc=0x0000022d8896b990 relative=0x0000000000000910
Event: 1336.449 Thread 0x0000022dd0ade8b0 Uncommon trap: reason=loop_limit_check action=maybe_recompile pc=0x0000022d8896b990 method=org.eclipse.jdt.internal.compiler.lookup.ParameterizedTypeBinding.superInterfaces()[Lorg/eclipse/jdt/internal/compiler/lookup/ReferenceBinding; @ 107 c2
Event: 1336.449 Thread 0x0000022dd0ade8b0 DEOPT PACKING pc=0x0000022d8896b990 sp=0x00000042aecfdb30
Event: 1336.449 Thread 0x0000022dd0ade8b0 DEOPT UNPACKING pc=0x0000022d874a3aa2 sp=0x00000042aecfdb28 mode 2
Event: 1336.449 Thread 0x0000022dd0ade8b0 Uncommon trap: trap_request=0xffffff6e fr.pc=0x0000022d8896b990 relative=0x0000000000000910
Event: 1336.449 Thread 0x0000022dd0ade8b0 Uncommon trap: reason=loop_limit_check action=maybe_recompile pc=0x0000022d8896b990 method=org.eclipse.jdt.internal.compiler.lookup.ParameterizedTypeBinding.superInterfaces()[Lorg/eclipse/jdt/internal/compiler/lookup/ReferenceBinding; @ 107 c2
Event: 1336.449 Thread 0x0000022dd0ade8b0 DEOPT PACKING pc=0x0000022d8896b990 sp=0x00000042aecfdc20
Event: 1336.449 Thread 0x0000022dd0ade8b0 DEOPT UNPACKING pc=0x0000022d874a3aa2 sp=0x00000042aecfdc18 mode 2
Event: 94807.391 Thread 0x0000022dfefb6010 Uncommon trap: trap_request=0xffffffd6 fr.pc=0x0000022d889a2648 relative=0x0000000000000308
Event: 94807.419 Thread 0x0000022dfefb6010 Uncommon trap: reason=array_check action=maybe_recompile pc=0x0000022d889a2648 method=java.util.concurrent.ScheduledThreadPoolExecutor$DelayedWorkQueue.offer(Ljava/lang/Runnable;)Z @ 65 c2
Event: 94807.422 Thread 0x0000022dfefb6010 DEOPT PACKING pc=0x0000022d889a2648 sp=0x00000042b01ff360
Event: 94807.487 Thread 0x0000022dfefb6010 DEOPT UNPACKING pc=0x0000022d874a3aa2 sp=0x00000042b01ff200 mode 2
Event: 94809.480 Thread 0x0000022dee323790 Uncommon trap: trap_request=0xffffffd6 fr.pc=0x0000022d889a2648 relative=0x0000000000000308
Event: 94809.480 Thread 0x0000022dee323790 Uncommon trap: reason=array_check action=maybe_recompile pc=0x0000022d889a2648 method=java.util.concurrent.ScheduledThreadPoolExecutor$DelayedWorkQueue.offer(Ljava/lang/Runnable;)Z @ 65 c2
Event: 94809.480 Thread 0x0000022dee323790 DEOPT PACKING pc=0x0000022d889a2648 sp=0x00000042adafedb0
Event: 94809.481 Thread 0x0000022dee323790 DEOPT UNPACKING pc=0x0000022d874a3aa2 sp=0x00000042adafec50 mode 2

Classes loaded (20 events):
Event: 31.057 Loading class sun/nio/cs/Surrogate$Parser
Event: 31.057 Loading class sun/nio/cs/Surrogate$Parser done
Event: 31.057 Loading class sun/nio/cs/Surrogate
Event: 31.057 Loading class sun/nio/cs/Surrogate done
Event: 323.234 Loading class java/util/stream/Nodes$CollectorTask$OfRef
Event: 323.235 Loading class java/util/stream/Nodes$CollectorTask
Event: 323.236 Loading class java/util/stream/Nodes$CollectorTask done
Event: 323.236 Loading class java/util/stream/Nodes$CollectorTask$OfRef done
Event: 323.311 Loading class java/util/function/LongFunction
Event: 323.312 Loading class java/util/function/LongFunction done
Event: 323.314 Loading class java/util/stream/Nodes$ConcNode
Event: 323.314 Loading class java/util/stream/Nodes$AbstractConcNode
Event: 323.316 Loading class java/util/stream/Nodes$AbstractConcNode done
Event: 323.316 Loading class java/util/stream/Nodes$ConcNode done
Event: 323.386 Loading class java/io/ObjectOutputStream$BlockDataOutputStream
Event: 323.387 Loading class java/io/ObjectOutputStream$BlockDataOutputStream done
Event: 323.387 Loading class java/io/ObjectOutputStream$HandleTable
Event: 323.388 Loading class java/io/ObjectOutputStream$HandleTable done
Event: 323.388 Loading class java/io/ObjectOutputStream$ReplaceTable
Event: 323.388 Loading class java/io/ObjectOutputStream$ReplaceTable done

Classes unloaded (8 events):
Event: 3.335 Thread 0x0000022df6dd5110 Unloading class 0x0000022d901a9000 'java/lang/invoke/LambdaForm$MH+0x0000022d901a9000'
Event: 3.335 Thread 0x0000022df6dd5110 Unloading class 0x0000022d901a8c00 'java/lang/invoke/LambdaForm$MH+0x0000022d901a8c00'
Event: 3.335 Thread 0x0000022df6dd5110 Unloading class 0x0000022d901a8800 'java/lang/invoke/LambdaForm$MH+0x0000022d901a8800'
Event: 3.335 Thread 0x0000022df6dd5110 Unloading class 0x0000022d901a8400 'java/lang/invoke/LambdaForm$MH+0x0000022d901a8400'
Event: 3.335 Thread 0x0000022df6dd5110 Unloading class 0x0000022d901a8000 'java/lang/invoke/LambdaForm$BMH+0x0000022d901a8000'
Event: 3.335 Thread 0x0000022df6dd5110 Unloading class 0x0000022d901a7c00 'java/lang/invoke/LambdaForm$DMH+0x0000022d901a7c00'
Event: 3.335 Thread 0x0000022df6dd5110 Unloading class 0x0000022d901a6800 'java/lang/invoke/LambdaForm$DMH+0x0000022d901a6800'
Event: 27.046 Thread 0x0000022df6dd5110 Unloading class 0x0000022d90739400 'java/lang/invoke/LambdaForm$DMH+0x0000022d90739400'

Classes redefined (0 events):
No events

Internal exceptions (20 events):
Event: 26.518 Thread 0x0000022dfe0f0180 Exception <a 'java/lang/NoSuchMethodError'{0x00000000d565cbc8}: 'void java.lang.invoke.DirectMethodHandle$Holder.invokeStatic(java.lang.Object, int)'> (0x00000000d565cbc8) 
thrown [s\src\hotspot\share\interpreter\linkResolver.cpp, line 773]
Event: 26.922 Thread 0x0000022dfe0eda20 Exception <a 'sun/nio/fs/WindowsException'{0x00000000d5859490}> (0x00000000d5859490) 
thrown [s\src\hotspot\share\prims\jni.cpp, line 520]
Event: 27.131 Thread 0x0000022dfe0f0180 Exception <a 'java/io/FileNotFoundException'{0x00000000d55cda38}> (0x00000000d55cda38) 
thrown [s\src\hotspot\share\prims\jni.cpp, line 520]
Event: 27.131 Thread 0x0000022dfe0f0180 Exception <a 'java/io/FileNotFoundException'{0x00000000d55cece8}> (0x00000000d55cece8) 
thrown [s\src\hotspot\share\prims\jni.cpp, line 520]
Event: 27.131 Thread 0x0000022dfe0f0180 Exception <a 'java/io/FileNotFoundException'{0x00000000d55d00b0}> (0x00000000d55d00b0) 
thrown [s\src\hotspot\share\prims\jni.cpp, line 520]
Event: 27.135 Thread 0x0000022dfe0eda20 Implicit null exception at 0x0000022d87d8c062 to 0x0000022d87d8c4a0
Event: 27.218 Thread 0x0000022dfe0f0180 Implicit null exception at 0x0000022d88349715 to 0x0000022d88349d04
Event: 27.366 Thread 0x0000022dfe0f0180 Implicit null exception at 0x0000022d881c80b7 to 0x0000022d881c9084
Event: 28.005 Thread 0x0000022dfe0f0180 Exception <a 'java/lang/NoSuchMethodError'{0x00000000d5b7eff8}: 'void java.lang.invoke.DirectMethodHandle$Holder.invokeSpecial(java.lang.Object, java.lang.Object, java.lang.Object, java.lang.Object, java.lang.Object, java.lang.Object, java.lang.Object)'> (0x00000000d5b7eff8) 
thrown [s\src\hotspot\share\interpreter\linkResolver.cpp, line 773]
Event: 28.024 Thread 0x0000022dfe0f3600 Exception <a 'sun/nio/fs/WindowsException'{0x00000000d55c4e48}> (0x00000000d55c4e48) 
thrown [s\src\hotspot\share\prims\jni.cpp, line 520]
Event: 28.024 Thread 0x0000022dfe0f3600 Exception <a 'sun/nio/fs/WindowsException'{0x00000000d55c57a0}> (0x00000000d55c57a0) 
thrown [s\src\hotspot\share\prims\jni.cpp, line 520]
Event: 29.640 Thread 0x0000022dfe0ebfe0 Exception <a 'sun/nio/fs/WindowsException'{0x00000000d5971220}> (0x00000000d5971220) 
thrown [s\src\hotspot\share\prims\jni.cpp, line 520]
Event: 29.640 Thread 0x0000022dfe0ebfe0 Exception <a 'sun/nio/fs/WindowsException'{0x00000000d5971c38}> (0x00000000d5971c38) 
thrown [s\src\hotspot\share\prims\jni.cpp, line 520]
Event: 29.643 Thread 0x0000022dfe0ebfe0 Exception <a 'sun/nio/fs/WindowsException'{0x00000000d598c010}> (0x00000000d598c010) 
thrown [s\src\hotspot\share\prims\jni.cpp, line 520]
Event: 29.643 Thread 0x0000022dfe0ebfe0 Exception <a 'sun/nio/fs/WindowsException'{0x00000000d598c9b8}> (0x00000000d598c9b8) 
thrown [s\src\hotspot\share\prims\jni.cpp, line 520]
Event: 323.368 Thread 0x0000022dfe0f0180 Exception <a 'sun/nio/fs/WindowsException'{0x00000000d587f488}> (0x00000000d587f488) 
thrown [s\src\hotspot\share\prims\jni.cpp, line 520]
Event: 323.368 Thread 0x0000022dfe0f0180 Exception <a 'sun/nio/fs/WindowsException'{0x00000000d587fe50}> (0x00000000d587fe50) 
thrown [s\src\hotspot\share\prims\jni.cpp, line 520]
Event: 323.372 Thread 0x0000022dfe0f0180 Implicit null exception at 0x0000022d883b48a1 to 0x0000022d883b4c00
Event: 323.423 Thread 0x0000022dfe0f0180 Exception <a 'java/lang/NoSuchMethodError'{0x00000000d59192f8}: static [J.<clinit>()V> (0x00000000d59192f8) 
thrown [s\src\hotspot\share\prims\jni.cpp, line 1111]
Event: 323.439 Thread 0x0000022dfe0f0180 Exception <a 'java/lang/NoSuchMethodError'{0x00000000d594d1b8}: 'java.lang.Object java.lang.invoke.DirectMethodHandle$Holder.newInvokeSpecial(java.lang.Object, java.lang.Object, java.lang.Object, java.lang.Object, java.lang.Object, java.lang.Object, java.lang.Object, java.lang.Object)'> (0x00000000d594d1b8) 
thrown [s\src\hotspot\share\interpreter\linkResolver.cpp, line 773]

ZGC Phase Switch (0 events):
No events

VM Operations (20 events):
Event: 94807.406 Executing VM operation: Cleanup
Event: 94807.422 Executing VM operation: Cleanup done
Event: 94839.758 Executing VM operation: Cleanup
Event: 94839.758 Executing VM operation: Cleanup done
Event: 95263.468 Executing VM operation: HandshakeAllThreads (HandshakeForDeflation)
Event: 95263.468 Executing VM operation: HandshakeAllThreads (HandshakeForDeflation) done
Event: 95263.469 Executing VM operation: RendezvousGCThreads
Event: 95263.469 Executing VM operation: RendezvousGCThreads done
Event: 95323.613 Executing VM operation: HandshakeAllThreads (HandshakeForDeflation)
Event: 95323.613 Executing VM operation: HandshakeAllThreads (HandshakeForDeflation) done
Event: 95323.613 Executing VM operation: RendezvousGCThreads
Event: 95323.613 Executing VM operation: RendezvousGCThreads done
Event: 95383.707 Executing VM operation: HandshakeAllThreads (HandshakeForDeflation)
Event: 95383.707 Executing VM operation: HandshakeAllThreads (HandshakeForDeflation) done
Event: 95383.707 Executing VM operation: RendezvousGCThreads
Event: 95383.707 Executing VM operation: RendezvousGCThreads done
Event: 96105.516 Executing VM operation: HandshakeAllThreads (HandshakeForDeflation)
Event: 96105.649 Executing VM operation: HandshakeAllThreads (HandshakeForDeflation) done
Event: 96105.649 Executing VM operation: RendezvousGCThreads
Event: 96105.649 Executing VM operation: RendezvousGCThreads done

Memory protections (0 events):
No events

Nmethod flushes (20 events):
Event: 27.071 Thread 0x0000022df6dd5110 flushing  nmethod 0x0000022d81134a10
Event: 27.071 Thread 0x0000022df6dd5110 flushing osr nmethod 0x0000022d81160910
Event: 27.071 Thread 0x0000022df6dd5110 flushing  nmethod 0x0000022d81161890
Event: 27.071 Thread 0x0000022df6dd5110 flushing  nmethod 0x0000022d8117b310
Event: 27.071 Thread 0x0000022df6dd5110 flushing  nmethod 0x0000022d8117ca90
Event: 27.071 Thread 0x0000022df6dd5110 flushing  nmethod 0x0000022d8118af90
Event: 27.071 Thread 0x0000022df6dd5110 flushing  nmethod 0x0000022d8118cf90
Event: 27.071 Thread 0x0000022df6dd5110 flushing  nmethod 0x0000022d811a0290
Event: 27.071 Thread 0x0000022df6dd5110 flushing  nmethod 0x0000022d811a4a90
Event: 27.071 Thread 0x0000022df6dd5110 flushing  nmethod 0x0000022d811a5390
Event: 27.071 Thread 0x0000022df6dd5110 flushing  nmethod 0x0000022d811c7010
Event: 27.071 Thread 0x0000022df6dd5110 flushing  nmethod 0x0000022d811c7810
Event: 27.071 Thread 0x0000022df6dd5110 flushing  nmethod 0x0000022d811d2110
Event: 27.071 Thread 0x0000022df6dd5110 flushing  nmethod 0x0000022d811d2f90
Event: 27.071 Thread 0x0000022df6dd5110 flushing  nmethod 0x0000022d811e0610
Event: 27.071 Thread 0x0000022df6dd5110 flushing  nmethod 0x0000022d811e3f90
Event: 27.071 Thread 0x0000022df6dd5110 flushing  nmethod 0x0000022d811e5010
Event: 27.071 Thread 0x0000022df6dd5110 flushing  nmethod 0x0000022d8123bc10
Event: 27.071 Thread 0x0000022df6dd5110 flushing  nmethod 0x0000022d8123d690
Event: 27.071 Thread 0x0000022df6dd5110 flushing  nmethod 0x0000022d8128a310

Events (20 events):
Event: 1530.328 Thread 0x0000022dd0adc7e0 Thread exited: 0x0000022dd0adc7e0
Event: 1590.342 Thread 0x0000022dd0ad7920 Thread exited: 0x0000022dd0ad7920
Event: 1650.357 Thread 0x0000022dde572be0 Thread exited: 0x0000022dde572be0
Event: 1710.363 Thread 0x0000022dde56d690 Thread exited: 0x0000022dde56d690
Event: 1770.375 Thread 0x0000022dd0ad9360 Thread exited: 0x0000022dd0ad9360
Event: 1830.373 Thread 0x0000022dd0adb430 Thread exited: 0x0000022dd0adb430
Event: 2659.253 Thread 0x0000022dfefb8770 Thread added: 0x0000022dd0adc7e0
Event: 2729.920 Thread 0x0000022dd0adc7e0 Thread exited: 0x0000022dd0adc7e0
Event: 3030.123 Thread 0x0000022dfefb8770 Thread added: 0x0000022dd0ad9360
Event: 3132.716 Thread 0x0000022dd0ad9360 Thread exited: 0x0000022dd0ad9360
Event: 10411.075 Thread 0x0000022dfefb8770 Thread added: 0x0000022dd0adce70
Event: 10476.266 Thread 0x0000022dd0adce70 Thread exited: 0x0000022dd0adce70
Event: 65215.622 Thread 0x0000022dfefb8770 Thread added: 0x0000022dd0ad9360
Event: 65275.687 Thread 0x0000022dd0ad9360 Thread exited: 0x0000022dd0ad9360
Event: 66507.295 Thread 0x0000022dfefb8770 Thread added: 0x0000022dd0ade8b0
Event: 66581.852 Thread 0x0000022dd0ade8b0 Thread exited: 0x0000022dd0ade8b0
Event: 66884.932 Thread 0x0000022dfefb8770 Thread added: 0x0000022dd0ade8b0
Event: 66960.328 Thread 0x0000022dd0ade8b0 Thread exited: 0x0000022dd0ade8b0
Event: 79162.249 Thread 0x0000022dfefb8770 Thread added: 0x0000022dd0adb430
Event: 79222.295 Thread 0x0000022dd0adb430 Thread exited: 0x0000022dd0adb430


Dynamic libraries:
0x00007ff6764c0000 - 0x00007ff6764ce000 	c:\Users\client\.vscode\extensions\redhat.java-1.50.0-win32-x64\jre\21.0.9-win32-x86_64\bin\java.exe
0x00007ffaadd30000 - 0x00007ffaadf48000 	C:\WINDOWS\SYSTEM32\ntdll.dll
0x00007ffaabac0000 - 0x00007ffaabb84000 	C:\WINDOWS\System32\KERNEL32.DLL
0x00007ffaab020000 - 0x00007ffaab3f3000 	C:\WINDOWS\System32\KERNELBASE.dll
0x00007ffaab790000 - 0x00007ffaab8a1000 	C:\WINDOWS\System32\ucrtbase.dll
0x00007ffa598b0000 - 0x00007ffa598ce000 	c:\Users\client\.vscode\extensions\redhat.java-1.50.0-win32-x64\jre\21.0.9-win32-x86_64\bin\VCRUNTIME140.dll
0x00007ffa59bd0000 - 0x00007ffa59be8000 	c:\Users\client\.vscode\extensions\redhat.java-1.50.0-win32-x64\jre\21.0.9-win32-x86_64\bin\jli.dll
0x00007ffaac380000 - 0x00007ffaac532000 	C:\WINDOWS\System32\USER32.dll
0x00007ffaab6e0000 - 0x00007ffaab706000 	C:\WINDOWS\System32\win32u.dll
0x00007ffaac150000 - 0x00007ffaac179000 	C:\WINDOWS\System32\GDI32.dll
0x00007ffaab8b0000 - 0x00007ffaab9cb000 	C:\WINDOWS\System32\gdi32full.dll
0x00007ffaaaf80000 - 0x00007ffaab01a000 	C:\WINDOWS\System32\msvcp_win.dll
0x00007ffa9ebd0000 - 0x00007ffa9ee6c000 	C:\WINDOWS\WinSxS\amd64_microsoft.windows.common-controls_6595b64144ccf1df_6.0.22621.6060_none_2712eda17382d24b\COMCTL32.dll
0x00007ffaacfd0000 - 0x00007ffaad077000 	C:\WINDOWS\System32\msvcrt.dll
0x00007ffaac180000 - 0x00007ffaac1b1000 	C:\WINDOWS\System32\IMM32.DLL
0x0000000055410000 - 0x000000005541c000 	C:\Program Files (x86)\360\Total Security\safemon\SafeWrapper.dll
0x00007ffaac2b0000 - 0x00007ffaac361000 	C:\WINDOWS\System32\ADVAPI32.dll
0x00007ffaac1c0000 - 0x00007ffaac268000 	C:\WINDOWS\System32\sechost.dll
0x00007ffaab6b0000 - 0x00007ffaab6d8000 	C:\WINDOWS\System32\bcrypt.dll
0x00007ffaad2b0000 - 0x00007ffaad3c8000 	C:\WINDOWS\System32\RPCRT4.dll
0x00007ffa4a100000 - 0x00007ffa4a1ac000 	C:\Program Files (x86)\360\Total Security\safemon\libzdtp64.dll
0x00007ffaad450000 - 0x00007ffaadcec000 	C:\WINDOWS\System32\SHELL32.dll
0x00007ffaaae40000 - 0x00007ffaaaf7f000 	C:\WINDOWS\System32\wintypes.dll
0x00007ffaac720000 - 0x00007ffaacab1000 	C:\WINDOWS\System32\combase.dll
0x00007ffaad0e0000 - 0x00007ffaad149000 	C:\WINDOWS\System32\SHLWAPI.dll
0x00007ffaaaa80000 - 0x00007ffaaaa8a000 	C:\WINDOWS\SYSTEM32\VERSION.dll
0x00007ffa96f30000 - 0x00007ffa96f3c000 	c:\Users\client\.vscode\extensions\redhat.java-1.50.0-win32-x64\jre\21.0.9-win32-x86_64\bin\vcruntime140_1.dll
0x00007ffa4b2e0000 - 0x00007ffa4b36d000 	c:\Users\client\.vscode\extensions\redhat.java-1.50.0-win32-x64\jre\21.0.9-win32-x86_64\bin\msvcp140.dll
0x00007ffa42640000 - 0x00007ffa433e0000 	c:\Users\client\.vscode\extensions\redhat.java-1.50.0-win32-x64\jre\21.0.9-win32-x86_64\bin\server\jvm.dll
0x00007ffaad3d0000 - 0x00007ffaad441000 	C:\WINDOWS\System32\WS2_32.dll
0x00007ffaa5400000 - 0x00007ffaa5434000 	C:\WINDOWS\SYSTEM32\WINMM.dll
0x00007ffaa9be0000 - 0x00007ffaa9c2d000 	C:\WINDOWS\SYSTEM32\POWRPROF.dll
0x00007ffaa9bc0000 - 0x00007ffaa9bd3000 	C:\WINDOWS\SYSTEM32\UMPDC.dll
0x00007ffaa9e60000 - 0x00007ffaa9e78000 	C:\WINDOWS\SYSTEM32\kernel.appcore.dll
0x00007ffa77090000 - 0x00007ffa7709a000 	c:\Users\client\.vscode\extensions\redhat.java-1.50.0-win32-x64\jre\21.0.9-win32-x86_64\bin\jimage.dll
0x00007ffaa87b0000 - 0x00007ffaa89e3000 	C:\WINDOWS\SYSTEM32\DBGHELP.DLL
0x00007ffaabba0000 - 0x00007ffaabc78000 	C:\WINDOWS\System32\OLEAUT32.dll
0x00007ffa9dff0000 - 0x00007ffa9e022000 	C:\WINDOWS\SYSTEM32\dbgcore.DLL
0x00007ffaab630000 - 0x00007ffaab6ab000 	C:\WINDOWS\System32\bcryptPrimitives.dll
0x00007ffa69600000 - 0x00007ffa6960f000 	c:\Users\client\.vscode\extensions\redhat.java-1.50.0-win32-x64\jre\21.0.9-win32-x86_64\bin\instrument.dll
0x00007ffa4b2c0000 - 0x00007ffa4b2e0000 	c:\Users\client\.vscode\extensions\redhat.java-1.50.0-win32-x64\jre\21.0.9-win32-x86_64\bin\java.dll
0x00007ffaa8c60000 - 0x00007ffaa957a000 	C:\WINDOWS\SYSTEM32\windows.storage.dll
0x00007ffaad150000 - 0x00007ffaad254000 	C:\WINDOWS\System32\SHCORE.dll
0x00007ffaaad70000 - 0x00007ffaaad95000 	C:\WINDOWS\SYSTEM32\profapi.dll
0x00007ffa49e80000 - 0x00007ffa49e98000 	c:\Users\client\.vscode\extensions\redhat.java-1.50.0-win32-x64\jre\21.0.9-win32-x86_64\bin\zip.dll
0x00007ffa68960000 - 0x00007ffa68970000 	C:\Users\client\.vscode\extensions\redhat.java-1.50.0-win32-x64\jre\21.0.9-win32-x86_64\bin\net.dll
0x00007ffaa4bc0000 - 0x00007ffaa4cec000 	C:\WINDOWS\SYSTEM32\WINHTTP.dll
0x00007ffaaa320000 - 0x00007ffaaa389000 	C:\WINDOWS\system32\mswsock.dll
0x00007ffa49e60000 - 0x00007ffa49e76000 	C:\Users\client\.vscode\extensions\redhat.java-1.50.0-win32-x64\jre\21.0.9-win32-x86_64\bin\nio.dll
0x00007ffa68010000 - 0x00007ffa68020000 	c:\Users\client\.vscode\extensions\redhat.java-1.50.0-win32-x64\jre\21.0.9-win32-x86_64\bin\verify.dll
0x00007ffa49da0000 - 0x00007ffa49de4000 	C:\Users\client\AppData\Roaming\Code\User\globalStorage\redhat.java\1.50.0\config_win\org.eclipse.equinox.launcher\org.eclipse.equinox.launcher.win32.win32.x86_64_1.2.1400.v20250801-0854\eclipse_11916.dll
0x00007ffaabc80000 - 0x00007ffaabe21000 	C:\WINDOWS\System32\ole32.dll
0x00007ffaaa670000 - 0x00007ffaaa68b000 	C:\WINDOWS\SYSTEM32\CRYPTSP.dll
0x00007ffaa9dc0000 - 0x00007ffaa9df7000 	C:\WINDOWS\system32\rsaenh.dll
0x00007ffaaa3c0000 - 0x00007ffaaa3e8000 	C:\WINDOWS\SYSTEM32\USERENV.dll
0x00007ffaaa650000 - 0x00007ffaaa65c000 	C:\WINDOWS\SYSTEM32\CRYPTBASE.dll
0x00007ffaa9850000 - 0x00007ffaa987d000 	C:\WINDOWS\SYSTEM32\IPHLPAPI.DLL
0x00007ffaac290000 - 0x00007ffaac299000 	C:\WINDOWS\System32\NSI.dll
0x00007ffa4a0b0000 - 0x00007ffa4a0f9000 	C:\Users\client\AppData\Local\Temp\jna--1357712437\jna5856636563844542296.dll
0x00007ffaac370000 - 0x00007ffaac378000 	C:\WINDOWS\System32\PSAPI.DLL
0x00007ffaa4990000 - 0x00007ffaa49a9000 	C:\WINDOWS\SYSTEM32\dhcpcsvc6.DLL
0x00007ffaa4970000 - 0x00007ffaa498f000 	C:\WINDOWS\SYSTEM32\dhcpcsvc.DLL

JVMTI agents:
c:\Users\client\.vscode\extensions\redhat.java-1.50.0-win32-x64\lombok\lombok-1.18.39-4050.jar path:c:\Users\client\.vscode\extensions\redhat.java-1.50.0-win32-x64\jre\21.0.9-win32-x86_64\bin\instrument.dll, loaded, initialized, instrumentlib options:none

dbghelp: loaded successfully - version: 4.0.5 - missing functions: none
symbol engine: initialized successfully - sym options: 0x614 - pdb path: .;c:\Users\client\.vscode\extensions\redhat.java-1.50.0-win32-x64\jre\21.0.9-win32-x86_64\bin;C:\WINDOWS\SYSTEM32;C:\WINDOWS\WinSxS\amd64_microsoft.windows.common-controls_6595b64144ccf1df_6.0.22621.6060_none_2712eda17382d24b;C:\Program Files (x86)\360\Total Security\safemon;c:\Users\client\.vscode\extensions\redhat.java-1.50.0-win32-x64\jre\21.0.9-win32-x86_64\bin\server;C:\Users\client\AppData\Roaming\Code\User\globalStorage\redhat.java\1.50.0\config_win\org.eclipse.equinox.launcher\org.eclipse.equinox.launcher.win32.win32.x86_64_1.2.1400.v20250801-0854;C:\Users\client\AppData\Local\Temp\jna--1357712437

VM Arguments:
jvm_args: --add-modules=ALL-SYSTEM --add-opens=java.base/java.util=ALL-UNNAMED --add-opens=java.base/java.lang=ALL-UNNAMED --add-opens=java.base/sun.nio.fs=ALL-UNNAMED -Declipse.application=org.eclipse.jdt.ls.core.id1 -Dosgi.bundles.defaultStartLevel=4 -Declipse.product=org.eclipse.jdt.ls.core.product -Djava.import.generatesMetadataFilesAtProjectRoot=false -DDetectVMInstallationsJob.disabled=true -Dfile.encoding=utf8 -XX:+UseParallelGC -XX:GCTimeRatio=4 -XX:AdaptiveSizePolicyWeight=90 -Dsun.zip.disableMemoryMapping=true -Xmx2G -Xms100m -Xlog:disable -javaagent:c:\Users\client\.vscode\extensions\redhat.java-1.50.0-win32-x64\lombok\lombok-1.18.39-4050.jar -XX:+HeapDumpOnOutOfMemoryError -XX:HeapDumpPath=c:\Users\client\AppData\Roaming\Code\User\workspaceStorage\8c175d7f7aadb9759325466ef5580f48\redhat.java -Daether.dependencyCollector.impl=bf 
java_command: c:\Users\client\.vscode\extensions\redhat.java-1.50.0-win32-x64\server\plugins\org.eclipse.equinox.launcher_1.7.100.v20251111-0406.jar -configuration c:\Users\client\AppData\Roaming\Code\User\globalStorage\redhat.java\1.50.0\config_win -data c:\Users\client\AppData\Roaming\Code\User\workspaceStorage\8c175d7f7aadb9759325466ef5580f48\redhat.java\jdt_ws --pipe=\\.\pipe\lsp-0f7da70a1581c35b2ddbf16f093833ad-sock
java_class_path (initial): c:\Users\client\.vscode\extensions\redhat.java-1.50.0-win32-x64\server\plugins\org.eclipse.equinox.launcher_1.7.100.v20251111-0406.jar
Launcher Type: SUN_STANDARD

[Global flags]
    uintx AdaptiveSizePolicyWeight                 = 90                                        {product} {command line}
     intx CICompilerCount                          = 12                                        {product} {ergonomic}
    uintx GCTimeRatio                              = 4                                         {product} {command line}
     bool HeapDumpOnOutOfMemoryError               = true                                   {manageable} {command line}
    ccstr HeapDumpPath                             = c:\Users\client\AppData\Roaming\Code\User\workspaceStorage\8c175d7f7aadb9759325466ef5580f48\redhat.java         {manageable} {command line}
   size_t InitialHeapSize                          = 104857600                                 {product} {command line}
   size_t MaxHeapSize                              = 2147483648                                {product} {command line}
   size_t MaxNewSize                               = 715653120                                 {product} {ergonomic}
   size_t MinHeapDeltaBytes                        = 524288                                    {product} {ergonomic}
   size_t MinHeapSize                              = 104857600                                 {product} {command line}
   size_t NewSize                                  = 34603008                                  {product} {ergonomic}
    uintx NonNMethodCodeHeapSize                   = 7602480                                {pd product} {ergonomic}
    uintx NonProfiledCodeHeapSize                  = 122027880                              {pd product} {ergonomic}
   size_t OldSize                                  = 70254592                                  {product} {ergonomic}
    uintx ProfiledCodeHeapSize                     = 122027880                              {pd product} {ergonomic}
    uintx ReservedCodeCacheSize                    = 251658240                              {pd product} {ergonomic}
     bool SegmentedCodeCache                       = true                                      {product} {ergonomic}
   size_t SoftMaxHeapSize                          = 2147483648                             {manageable} {ergonomic}
     bool UseCompressedOops                        = true                           {product lp64_product} {ergonomic}
     bool UseLargePagesIndividualAllocation        = false                                  {pd product} {ergonomic}
     bool UseParallelGC                            = true                                      {product} {command line}

Logging:
Log output configuration:
 #0: stdout all=off uptime,level,tags foldmultilines=false
 #1: stderr all=off uptime,level,tags foldmultilines=false

Release file:
JAVA_VERSION="21.0.9" 
MODULES="java.base java.compiler java.datatransfer java.xml java.prefs java.desktop java.instrument java.logging java.management java.security.sasl java.naming java.rmi java.management.rmi java.net.http java.scripting java.security.jgss java.transaction.xa java.sql java.sql.rowset java.xml.crypto java.se java.smartcardio jdk.accessibility jdk.internal.jvmstat jdk.attach jdk.charsets jdk.internal.opt jdk.zipfs jdk.compiler jdk.crypto.ec jdk.crypto.cryptoki jdk.crypto.mscapi jdk.dynalink jdk.internal.ed jdk.editpad jdk.hotspot.agent jdk.httpserver jdk.internal.le jdk.internal.vm.ci jdk.internal.vm.compiler jdk.internal.vm.compiler.management jdk.jartool jdk.javadoc jdk.jcmd jdk.management jdk.management.agent jdk.jconsole jdk.jdeps jdk.jdwp.agent jdk.jdi jdk.jfr jdk.jshell jdk.jsobject jdk.jstatd jdk.localedata jdk.management.jfr jdk.naming.dns jdk.naming.rmi jdk.net jdk.nio.mapmode jdk.random jdk.sctp jdk.security.auth jdk.security.jgss jdk.unsupported jdk.unsupported.desktop jdk.xml.dom" 

Environment Variables:
JAVA_HOME=C:\Program Files\Eclipse Adoptium\jdk-17.0.16.8-hotspot\
PATH=C:\Program Files\Eclipse Adoptium\jdk-17.0.16.8-hotspot\bin;C:\WINDOWS\system32;C:\WINDOWS;C:\WINDOWS\System32\Wbem;C:\WINDOWS\System32\WindowsPowerShell\v1.0\;C:\WINDOWS\System32\OpenSSH\;C:\Program Files\MiKTeX\miktex\bin\x64\;C:\Program Files\dotnet\;C:\Program Files\Git\cmd;C:\Users\client\AppData\Local\nvm;C:\Users\client\Desktop\TP1 Iot\nvm-setup (1)\nodejs;C:\Program Files\nodejs\;C:\Program Files\nodejs;C:\Users\client\Desktop\TP1 Iot\nvm-setup (1)\nodejs;C:\Users\client\AppData\Local\nvm;C:\Program Files\Docker\Docker\resources\bin;C:\Program Files\Microsoft SQL Server\150\Tools\Binn\;C:\Program Files\Microsoft SQL Server\Client SDK\ODBC\170\Tools\Binn\;C:\Program Files (x86)\Windows Kits\10\Windows Performance Toolkit\;C:\Program Files (x86)\Microsoft SQL Server\160\Tools\Binn\;C:\Program Files\Microsoft SQL Server\160\Tools\Binn\;C:\Program Files\Microsoft SQL Server\160\DTS\Binn\;C:\Program Files (x86)\Microsoft SQL Server\160\DTS\Binn\;C:\ProgramData\apache-maven-3.9.11\bin;C:\Program Files\PostgreSQL\15\bin;;C:\Users\client\AppData\Local\Programs\Microsoft VS Code\bin
USERNAME=client
OS=Windows_NT
PROCESSOR_IDENTIFIER=Intel64 Family 6 Model 154 Stepping 3, GenuineIntel
TMP=C:\Users\client\AppData\Local\Temp
TEMP=C:\Users\client\AppData\Local\Temp




Periodic native trim disabled

---------------  S Y S T E M  ---------------

OS:
 Windows 11 , 64 bit Build 22621 (10.0.22621.5415)
OS uptime: 1 days 2:45 hours
Hyper-V role detected

CPU: total 16 (initial active 16) (8 cores per cpu, 2 threads per core) family 6 model 154 stepping 3 microcode 0x437, cx8, cmov, fxsr, ht, mmx, 3dnowpref, sse, sse2, sse3, ssse3, sse4.1, sse4.2, popcnt, lzcnt, tsc, tscinvbit, avx, avx2, aes, erms, clmul, bmi1, bmi2, adx, sha, fma, vzeroupper, clflush, clflushopt, clwb, hv, serialize, rdtscp, rdpid, fsrm, f16c, cet_ibt, cet_ss
Processor Information for processor 0
  Max Mhz: 2500, Current Mhz: 2500, Mhz Limit: 2500
Processor Information for processor 1
  Max Mhz: 2500, Current Mhz: 2500, Mhz Limit: 2500
Processor Information for processor 2
  Max Mhz: 2500, Current Mhz: 2500, Mhz Limit: 2500
Processor Information for processor 3
  Max Mhz: 2500, Current Mhz: 2500, Mhz Limit: 2500
Processor Information for processor 4
  Max Mhz: 2500, Current Mhz: 2500, Mhz Limit: 2500
Processor Information for processor 5
  Max Mhz: 2500, Current Mhz: 2500, Mhz Limit: 2500
Processor Information for processor 6
  Max Mhz: 2500, Current Mhz: 2500, Mhz Limit: 2500
Processor Information for processor 7
  Max Mhz: 2500, Current Mhz: 2500, Mhz Limit: 2500
Processor Information for processor 8
  Max Mhz: 2500, Current Mhz: 2500, Mhz Limit: 2500
Processor Information for processor 9
  Max Mhz: 2500, Current Mhz: 2500, Mhz Limit: 2500
Processor Information for processor 10
  Max Mhz: 2500, Current Mhz: 2500, Mhz Limit: 2500
Processor Information for processor 11
  Max Mhz: 2500, Current Mhz: 2500, Mhz Limit: 2500
Processor Information for processor 12
  Max Mhz: 2500, Current Mhz: 2500, Mhz Limit: 2500
Processor Information for processor 13
  Max Mhz: 2500, Current Mhz: 1527, Mhz Limit: 2500
Processor Information for processor 14
  Max Mhz: 2500, Current Mhz: 2500, Mhz Limit: 2500
Processor Information for processor 15
  Max Mhz: 2500, Current Mhz: 2500, Mhz Limit: 2500

Memory: 4k page, system-wide physical 16068M (163M free)
TotalPageFile size 56003M (AvailPageFile size 54M)
current process WorkingSet (physical memory assigned to process): 6M, peak: 559M
current process commit charge ("private bytes"): 603M, peak: 647M

vm_info: OpenJDK 64-Bit Server VM (21.0.9+10-LTS) for windows-amd64 JRE (21.0.9+10-LTS), built on 2025-10-21T00:00:00Z by "admin" with unknown MS VC++:1942

END.
